{"C:\\GitHub\\DynamicsWebApi\\lib\\dwa.js":{"path":"C:\\GitHub\\DynamicsWebApi\\lib\\dwa.js","statementMap":{"0":{"start":{"line":1,"column":10},"end":{"line":62,"column":1}},"1":{"start":{"line":5,"column":12},"end":{"line":5,"column":35}},"2":{"start":{"line":9,"column":12},"end":{"line":9,"column":46}},"3":{"start":{"line":11,"column":12},"end":{"line":11,"column":28}},"4":{"start":{"line":16,"column":12},"end":{"line":16,"column":46}},"5":{"start":{"line":18,"column":12},"end":{"line":18,"column":25}},"6":{"start":{"line":19,"column":12},"end":{"line":19,"column":33}},"7":{"start":{"line":25,"column":12},"end":{"line":25,"column":46}},"8":{"start":{"line":27,"column":12},"end":{"line":27,"column":36}},"9":{"start":{"line":28,"column":12},"end":{"line":28,"column":32}},"10":{"start":{"line":29,"column":12},"end":{"line":29,"column":28}},"11":{"start":{"line":34,"column":12},"end":{"line":34,"column":46}},"12":{"start":{"line":36,"column":12},"end":{"line":36,"column":28}},"13":{"start":{"line":37,"column":12},"end":{"line":43,"column":13}},"14":{"start":{"line":64,"column":0},"end":{"line":64,"column":21}}},"fnMap":{"0":{"name":"(anonymous_0)","decl":{"start":{"line":3,"column":22},"end":{"line":3,"column":23}},"loc":{"start":{"line":3,"column":34},"end":{"line":6,"column":9}},"line":3},"1":{"name":"(anonymous_1)","decl":{"start":{"line":7,"column":18},"end":{"line":7,"column":19}},"loc":{"start":{"line":7,"column":30},"end":{"line":12,"column":9}},"line":7},"2":{"name":"(anonymous_2)","decl":{"start":{"line":13,"column":27},"end":{"line":13,"column":28}},"loc":{"start":{"line":13,"column":39},"end":{"line":20,"column":9}},"line":13},"3":{"name":"(anonymous_3)","decl":{"start":{"line":21,"column":26},"end":{"line":21,"column":27}},"loc":{"start":{"line":21,"column":38},"end":{"line":30,"column":9}},"line":21},"4":{"name":"(anonymous_4)","decl":{"start":{"line":31,"column":26},"end":{"line":31,"column":27}},"loc":{"start":{"line":31,"column":38},"end":{"line":44,"column":9}},"line":31}},"branchMap":{},"s":{"0":1,"1":5,"2":1,"3":1,"4":1,"5":1,"6":1,"7":1,"8":1,"9":1,"10":1,"11":1,"12":1,"13":1,"14":1},"f":{"0":5,"1":1,"2":1,"3":1,"4":1},"b":{},"_coverageSchema":"1a1c01bbd47fc00a2c39e90264f33305004495a9","hash":"119e24003b8e3bb4b43d9aa43d7704186211fa3a","contentHash":"ed9870bb16d4e270049d064e49500f93ed8493e45304d76b203e47e02c65641a"},"C:\\GitHub\\DynamicsWebApi\\lib\\dynamics-web-api-callbacks.js":{"path":"C:\\GitHub\\DynamicsWebApi\\lib\\dynamics-web-api-callbacks.js","statementMap":{"0":{"start":{"line":1,"column":10},"end":{"line":1,"column":26}},"1":{"start":{"line":2,"column":14},"end":{"line":2,"column":44}},"2":{"start":{"line":3,"column":23},"end":{"line":3,"column":62}},"3":{"start":{"line":4,"column":18},"end":{"line":4,"column":50}},"4":{"start":{"line":5,"column":14},"end":{"line":5,"column":47}},"5":{"start":{"line":8,"column":0},"end":{"line":10,"column":1}},"6":{"start":{"line":9,"column":4},"end":{"line":9,"column":38}},"7":{"start":{"line":73,"column":26},"end":{"line":83,"column":5}},"8":{"start":{"line":85,"column":19},"end":{"line":85,"column":24}},"9":{"start":{"line":88,"column":4},"end":{"line":90,"column":5}},"10":{"start":{"line":89,"column":8},"end":{"line":89,"column":33}},"11":{"start":{"line":99,"column":4},"end":{"line":167,"column":6}},"12":{"start":{"line":101,"column":24},"end":{"line":101,"column":113}},"13":{"start":{"line":103,"column":2},"end":{"line":106,"column":3}},"14":{"start":{"line":104,"column":3},"end":{"line":104,"column":110}},"15":{"start":{"line":105,"column":3},"end":{"line":105,"column":56}},"16":{"start":{"line":108,"column":2},"end":{"line":115,"column":3}},"17":{"start":{"line":109,"column":3},"end":{"line":109,"column":102}},"18":{"start":{"line":110,"column":3},"end":{"line":110,"column":48}},"19":{"start":{"line":112,"column":3},"end":{"line":114,"column":4}},"20":{"start":{"line":113,"column":4},"end":{"line":113,"column":85}},"21":{"start":{"line":117,"column":8},"end":{"line":119,"column":3}},"22":{"start":{"line":118,"column":12},"end":{"line":118,"column":143}},"23":{"start":{"line":121,"column":2},"end":{"line":123,"column":3}},"24":{"start":{"line":122,"column":3},"end":{"line":122,"column":143}},"25":{"start":{"line":125,"column":8},"end":{"line":128,"column":9}},"26":{"start":{"line":126,"column":12},"end":{"line":126,"column":123}},"27":{"start":{"line":127,"column":12},"end":{"line":127,"column":67}},"28":{"start":{"line":130,"column":8},"end":{"line":133,"column":9}},"29":{"start":{"line":131,"column":12},"end":{"line":131,"column":129}},"30":{"start":{"line":132,"column":12},"end":{"line":132,"column":75}},"31":{"start":{"line":135,"column":8},"end":{"line":138,"column":9}},"32":{"start":{"line":136,"column":12},"end":{"line":136,"column":115}},"33":{"start":{"line":137,"column":12},"end":{"line":137,"column":61}},"34":{"start":{"line":140,"column":8},"end":{"line":143,"column":9}},"35":{"start":{"line":141,"column":12},"end":{"line":141,"column":131}},"36":{"start":{"line":142,"column":12},"end":{"line":142,"column":79}},"37":{"start":{"line":145,"column":8},"end":{"line":148,"column":3}},"38":{"start":{"line":146,"column":12},"end":{"line":146,"column":119}},"39":{"start":{"line":147,"column":12},"end":{"line":147,"column":67}},"40":{"start":{"line":151,"column":2},"end":{"line":165,"column":3}},"41":{"start":{"line":152,"column":3},"end":{"line":152,"column":88}},"42":{"start":{"line":154,"column":3},"end":{"line":162,"column":4}},"43":{"start":{"line":155,"column":4},"end":{"line":155,"column":103}},"44":{"start":{"line":157,"column":4},"end":{"line":161,"column":5}},"45":{"start":{"line":158,"column":5},"end":{"line":158,"column":100}},"46":{"start":{"line":159,"column":5},"end":{"line":159,"column":124}},"47":{"start":{"line":160,"column":5},"end":{"line":160,"column":124}},"48":{"start":{"line":164,"column":3},"end":{"line":164,"column":40}},"49":{"start":{"line":169,"column":4},"end":{"line":169,"column":27}},"50":{"start":{"line":171,"column":23},"end":{"line":175,"column":5}},"51":{"start":{"line":172,"column":8},"end":{"line":172,"column":35}},"52":{"start":{"line":173,"column":2},"end":{"line":173,"column":38}},"53":{"start":{"line":174,"column":8},"end":{"line":174,"column":124}},"54":{"start":{"line":201,"column":4},"end":{"line":213,"column":6}},"55":{"start":{"line":202,"column":8},"end":{"line":202,"column":80}},"56":{"start":{"line":203,"column":8},"end":{"line":206,"column":9}},"57":{"start":{"line":204,"column":12},"end":{"line":204,"column":108}},"58":{"start":{"line":205,"column":12},"end":{"line":205,"column":104}},"59":{"start":{"line":208,"column":24},"end":{"line":210,"column":9}},"60":{"start":{"line":209,"column":12},"end":{"line":209,"column":43}},"61":{"start":{"line":212,"column":8},"end":{"line":212,"column":74}},"62":{"start":{"line":236,"column":4},"end":{"line":257,"column":6}},"63":{"start":{"line":238,"column":8},"end":{"line":238,"column":78}},"64":{"start":{"line":239,"column":8},"end":{"line":239,"column":92}},"65":{"start":{"line":241,"column":8},"end":{"line":243,"column":9}},"66":{"start":{"line":242,"column":12},"end":{"line":242,"column":95}},"67":{"start":{"line":245,"column":8},"end":{"line":247,"column":9}},"68":{"start":{"line":246,"column":12},"end":{"line":246,"column":87}},"69":{"start":{"line":249,"column":22},"end":{"line":254,"column":9}},"70":{"start":{"line":256,"column":8},"end":{"line":256,"column":68}},"71":{"start":{"line":266,"column":4},"end":{"line":300,"column":6}},"72":{"start":{"line":268,"column":8},"end":{"line":268,"column":80}},"73":{"start":{"line":269,"column":8},"end":{"line":272,"column":9}},"74":{"start":{"line":270,"column":12},"end":{"line":270,"column":108}},"75":{"start":{"line":271,"column":12},"end":{"line":271,"column":104}},"76":{"start":{"line":274,"column":8},"end":{"line":276,"column":9}},"77":{"start":{"line":275,"column":12},"end":{"line":275,"column":34}},"78":{"start":{"line":278,"column":24},"end":{"line":280,"column":9}},"79":{"start":{"line":279,"column":12},"end":{"line":279,"column":43}},"80":{"start":{"line":283,"column":22},"end":{"line":283,"column":37}},"81":{"start":{"line":284,"column":22},"end":{"line":293,"column":9}},"82":{"start":{"line":285,"column":12},"end":{"line":292,"column":13}},"83":{"start":{"line":287,"column":16},"end":{"line":287,"column":39}},"84":{"start":{"line":291,"column":16},"end":{"line":291,"column":35}},"85":{"start":{"line":296,"column":21},"end":{"line":297,"column":29}},"86":{"start":{"line":299,"column":8},"end":{"line":299,"column":92}},"87":{"start":{"line":313,"column":4},"end":{"line":341,"column":6}},"88":{"start":{"line":315,"column":8},"end":{"line":315,"column":78}},"89":{"start":{"line":316,"column":8},"end":{"line":316,"column":81}},"90":{"start":{"line":317,"column":8},"end":{"line":317,"column":78}},"91":{"start":{"line":318,"column":8},"end":{"line":318,"column":92}},"92":{"start":{"line":319,"column":8},"end":{"line":322,"column":9}},"93":{"start":{"line":320,"column":12},"end":{"line":320,"column":108}},"94":{"start":{"line":321,"column":12},"end":{"line":321,"column":104}},"95":{"start":{"line":324,"column":8},"end":{"line":326,"column":9}},"96":{"start":{"line":325,"column":12},"end":{"line":325,"column":95}},"97":{"start":{"line":328,"column":8},"end":{"line":330,"column":9}},"98":{"start":{"line":329,"column":12},"end":{"line":329,"column":87}},"99":{"start":{"line":332,"column":22},"end":{"line":338,"column":9}},"100":{"start":{"line":340,"column":8},"end":{"line":340,"column":68}},"101":{"start":{"line":354,"column":4},"end":{"line":390,"column":6}},"102":{"start":{"line":356,"column":8},"end":{"line":356,"column":92}},"103":{"start":{"line":357,"column":8},"end":{"line":357,"column":95}},"104":{"start":{"line":358,"column":8},"end":{"line":358,"column":104}},"105":{"start":{"line":359,"column":8},"end":{"line":359,"column":106}},"106":{"start":{"line":360,"column":8},"end":{"line":363,"column":9}},"107":{"start":{"line":361,"column":12},"end":{"line":361,"column":122}},"108":{"start":{"line":362,"column":12},"end":{"line":362,"column":118}},"109":{"start":{"line":365,"column":8},"end":{"line":367,"column":9}},"110":{"start":{"line":366,"column":12},"end":{"line":366,"column":109}},"111":{"start":{"line":369,"column":8},"end":{"line":371,"column":9}},"112":{"start":{"line":370,"column":12},"end":{"line":370,"column":101}},"113":{"start":{"line":373,"column":20},"end":{"line":373,"column":48}},"114":{"start":{"line":374,"column":25},"end":{"line":374,"column":44}},"115":{"start":{"line":376,"column":22},"end":{"line":383,"column":9}},"116":{"start":{"line":385,"column":24},"end":{"line":387,"column":9}},"117":{"start":{"line":386,"column":12},"end":{"line":386,"column":42}},"118":{"start":{"line":389,"column":8},"end":{"line":389,"column":87}},"119":{"start":{"line":399,"column":4},"end":{"line":425,"column":6}},"120":{"start":{"line":401,"column":8},"end":{"line":401,"column":80}},"121":{"start":{"line":402,"column":8},"end":{"line":405,"column":9}},"122":{"start":{"line":403,"column":12},"end":{"line":403,"column":108}},"123":{"start":{"line":404,"column":12},"end":{"line":404,"column":104}},"124":{"start":{"line":407,"column":24},"end":{"line":409,"column":9}},"125":{"start":{"line":408,"column":12},"end":{"line":408,"column":43}},"126":{"start":{"line":412,"column":22},"end":{"line":412,"column":37}},"127":{"start":{"line":413,"column":22},"end":{"line":422,"column":9}},"128":{"start":{"line":414,"column":12},"end":{"line":421,"column":13}},"129":{"start":{"line":416,"column":16},"end":{"line":416,"column":39}},"130":{"start":{"line":420,"column":16},"end":{"line":420,"column":35}},"131":{"start":{"line":424,"column":8},"end":{"line":424,"column":94}},"132":{"start":{"line":436,"column":4},"end":{"line":461,"column":6}},"133":{"start":{"line":438,"column":8},"end":{"line":438,"column":78}},"134":{"start":{"line":439,"column":8},"end":{"line":439,"column":81}},"135":{"start":{"line":440,"column":8},"end":{"line":440,"column":92}},"136":{"start":{"line":441,"column":8},"end":{"line":444,"column":9}},"137":{"start":{"line":442,"column":12},"end":{"line":442,"column":108}},"138":{"start":{"line":443,"column":12},"end":{"line":443,"column":104}},"139":{"start":{"line":446,"column":8},"end":{"line":447,"column":100}},"140":{"start":{"line":447,"column":12},"end":{"line":447,"column":100}},"141":{"start":{"line":449,"column":24},"end":{"line":452,"column":9}},"142":{"start":{"line":451,"column":12},"end":{"line":451,"column":30}},"143":{"start":{"line":454,"column":22},"end":{"line":458,"column":9}},"144":{"start":{"line":460,"column":8},"end":{"line":460,"column":76}},"145":{"start":{"line":470,"column":4},"end":{"line":484,"column":6}},"146":{"start":{"line":472,"column":8},"end":{"line":472,"column":82}},"147":{"start":{"line":473,"column":8},"end":{"line":476,"column":9}},"148":{"start":{"line":474,"column":12},"end":{"line":474,"column":110}},"149":{"start":{"line":475,"column":12},"end":{"line":475,"column":106}},"150":{"start":{"line":478,"column":24},"end":{"line":480,"column":9}},"151":{"start":{"line":479,"column":12},"end":{"line":479,"column":43}},"152":{"start":{"line":482,"column":20},"end":{"line":482,"column":112}},"153":{"start":{"line":483,"column":8},"end":{"line":483,"column":93}},"154":{"start":{"line":496,"column":4},"end":{"line":522,"column":6}},"155":{"start":{"line":498,"column":8},"end":{"line":498,"column":80}},"156":{"start":{"line":499,"column":8},"end":{"line":499,"column":83}},"157":{"start":{"line":500,"column":8},"end":{"line":500,"column":94}},"158":{"start":{"line":501,"column":8},"end":{"line":504,"column":9}},"159":{"start":{"line":502,"column":12},"end":{"line":502,"column":110}},"160":{"start":{"line":503,"column":12},"end":{"line":503,"column":106}},"161":{"start":{"line":506,"column":8},"end":{"line":508,"column":9}},"162":{"start":{"line":507,"column":12},"end":{"line":507,"column":89}},"163":{"start":{"line":510,"column":8},"end":{"line":512,"column":9}},"164":{"start":{"line":511,"column":12},"end":{"line":511,"column":97}},"165":{"start":{"line":514,"column":22},"end":{"line":519,"column":9}},"166":{"start":{"line":521,"column":8},"end":{"line":521,"column":70}},"167":{"start":{"line":531,"column":4},"end":{"line":563,"column":6}},"168":{"start":{"line":533,"column":8},"end":{"line":533,"column":80}},"169":{"start":{"line":534,"column":8},"end":{"line":534,"column":94}},"170":{"start":{"line":535,"column":8},"end":{"line":538,"column":9}},"171":{"start":{"line":536,"column":12},"end":{"line":536,"column":108}},"172":{"start":{"line":537,"column":12},"end":{"line":537,"column":104}},"173":{"start":{"line":541,"column":26},"end":{"line":541,"column":45}},"174":{"start":{"line":542,"column":22},"end":{"line":542,"column":37}},"175":{"start":{"line":543,"column":24},"end":{"line":545,"column":9}},"176":{"start":{"line":544,"column":12},"end":{"line":544,"column":43}},"177":{"start":{"line":547,"column":22},"end":{"line":560,"column":9}},"178":{"start":{"line":548,"column":12},"end":{"line":559,"column":13}},"179":{"start":{"line":550,"column":16},"end":{"line":550,"column":34}},"180":{"start":{"line":552,"column":17},"end":{"line":559,"column":13}},"181":{"start":{"line":554,"column":16},"end":{"line":554,"column":34}},"182":{"start":{"line":558,"column":16},"end":{"line":558,"column":35}},"183":{"start":{"line":562,"column":8},"end":{"line":562,"column":69}},"184":{"start":{"line":576,"column":4},"end":{"line":606,"column":6}},"185":{"start":{"line":578,"column":8},"end":{"line":578,"column":78}},"186":{"start":{"line":579,"column":8},"end":{"line":579,"column":81}},"187":{"start":{"line":581,"column":8},"end":{"line":581,"column":78}},"188":{"start":{"line":582,"column":8},"end":{"line":582,"column":92}},"189":{"start":{"line":584,"column":8},"end":{"line":587,"column":9}},"190":{"start":{"line":585,"column":12},"end":{"line":585,"column":108}},"191":{"start":{"line":586,"column":12},"end":{"line":586,"column":104}},"192":{"start":{"line":589,"column":8},"end":{"line":591,"column":9}},"193":{"start":{"line":590,"column":12},"end":{"line":590,"column":95}},"194":{"start":{"line":593,"column":8},"end":{"line":595,"column":9}},"195":{"start":{"line":594,"column":12},"end":{"line":594,"column":87}},"196":{"start":{"line":597,"column":22},"end":{"line":603,"column":9}},"197":{"start":{"line":605,"column":8},"end":{"line":605,"column":68}},"198":{"start":{"line":616,"column":4},"end":{"line":640,"column":6}},"199":{"start":{"line":617,"column":8},"end":{"line":617,"column":91}},"200":{"start":{"line":618,"column":8},"end":{"line":621,"column":9}},"201":{"start":{"line":619,"column":12},"end":{"line":619,"column":107}},"202":{"start":{"line":620,"column":12},"end":{"line":620,"column":103}},"203":{"start":{"line":623,"column":22},"end":{"line":625,"column":9}},"204":{"start":{"line":627,"column":8},"end":{"line":633,"column":9}},"205":{"start":{"line":628,"column":12},"end":{"line":628,"column":50}},"206":{"start":{"line":631,"column":12},"end":{"line":631,"column":36}},"207":{"start":{"line":632,"column":12},"end":{"line":632,"column":33}},"208":{"start":{"line":635,"column":24},"end":{"line":637,"column":9}},"209":{"start":{"line":636,"column":12},"end":{"line":636,"column":43}},"210":{"start":{"line":639,"column":8},"end":{"line":639,"column":100}},"211":{"start":{"line":651,"column":4},"end":{"line":663,"column":6}},"212":{"start":{"line":652,"column":8},"end":{"line":652,"column":75}},"213":{"start":{"line":654,"column":8},"end":{"line":662,"column":26}},"214":{"start":{"line":659,"column":12},"end":{"line":661,"column":21}},"215":{"start":{"line":675,"column":4},"end":{"line":682,"column":6}},"216":{"start":{"line":677,"column":8},"end":{"line":681,"column":54}},"217":{"start":{"line":693,"column":4},"end":{"line":701,"column":6}},"218":{"start":{"line":694,"column":8},"end":{"line":694,"column":78}},"219":{"start":{"line":696,"column":8},"end":{"line":700,"column":43}},"220":{"start":{"line":703,"column":34},"end":{"line":720,"column":5}},"221":{"start":{"line":705,"column":8},"end":{"line":708,"column":9}},"222":{"start":{"line":706,"column":12},"end":{"line":706,"column":118}},"223":{"start":{"line":707,"column":12},"end":{"line":707,"column":114}},"224":{"start":{"line":710,"column":8},"end":{"line":713,"column":9}},"225":{"start":{"line":711,"column":12},"end":{"line":711,"column":104}},"226":{"start":{"line":712,"column":12},"end":{"line":712,"column":36}},"227":{"start":{"line":715,"column":24},"end":{"line":717,"column":9}},"228":{"start":{"line":716,"column":12},"end":{"line":716,"column":43}},"229":{"start":{"line":719,"column":8},"end":{"line":719,"column":83}},"230":{"start":{"line":730,"column":4},"end":{"line":730,"column":59}},"231":{"start":{"line":732,"column":30},"end":{"line":757,"column":5}},"232":{"start":{"line":734,"column":8},"end":{"line":734,"column":32}},"233":{"start":{"line":736,"column":38},"end":{"line":754,"column":9}},"234":{"start":{"line":737,"column":12},"end":{"line":737,"column":53}},"235":{"start":{"line":739,"column":27},"end":{"line":739,"column":49}},"236":{"start":{"line":741,"column":12},"end":{"line":753,"column":13}},"237":{"start":{"line":742,"column":16},"end":{"line":742,"column":96}},"238":{"start":{"line":745,"column":29},"end":{"line":745,"column":47}},"239":{"start":{"line":747,"column":16},"end":{"line":750,"column":17}},"240":{"start":{"line":748,"column":20},"end":{"line":748,"column":73}},"241":{"start":{"line":749,"column":20},"end":{"line":749,"column":68}},"242":{"start":{"line":752,"column":16},"end":{"line":752,"column":40}},"243":{"start":{"line":756,"column":8},"end":{"line":756,"column":92}},"244":{"start":{"line":766,"column":4},"end":{"line":770,"column":6}},"245":{"start":{"line":767,"column":8},"end":{"line":767,"column":85}},"246":{"start":{"line":769,"column":8},"end":{"line":769,"column":69}},"247":{"start":{"line":772,"column":26},"end":{"line":807,"column":5}},"248":{"start":{"line":774,"column":8},"end":{"line":774,"column":101}},"249":{"start":{"line":775,"column":8},"end":{"line":775,"column":97}},"250":{"start":{"line":777,"column":8},"end":{"line":780,"column":9}},"251":{"start":{"line":778,"column":12},"end":{"line":778,"column":117}},"252":{"start":{"line":779,"column":12},"end":{"line":779,"column":113}},"253":{"start":{"line":782,"column":8},"end":{"line":782,"column":37}},"254":{"start":{"line":784,"column":8},"end":{"line":784,"column":101}},"255":{"start":{"line":785,"column":32},"end":{"line":785,"column":62}},"256":{"start":{"line":787,"column":8},"end":{"line":790,"column":9}},"257":{"start":{"line":788,"column":12},"end":{"line":788,"column":109}},"258":{"start":{"line":789,"column":12},"end":{"line":789,"column":73}},"259":{"start":{"line":793,"column":8},"end":{"line":793,"column":68}},"260":{"start":{"line":795,"column":22},"end":{"line":800,"column":9}},"261":{"start":{"line":802,"column":24},"end":{"line":804,"column":9}},"262":{"start":{"line":803,"column":12},"end":{"line":803,"column":43}},"263":{"start":{"line":806,"column":8},"end":{"line":806,"column":110}},"264":{"start":{"line":821,"column":4},"end":{"line":821,"column":33}},"265":{"start":{"line":835,"column":4},"end":{"line":835,"column":43}},"266":{"start":{"line":837,"column":30},"end":{"line":852,"column":5}},"267":{"start":{"line":838,"column":8},"end":{"line":838,"column":32}},"268":{"start":{"line":840,"column":38},"end":{"line":849,"column":9}},"269":{"start":{"line":841,"column":12},"end":{"line":841,"column":53}},"270":{"start":{"line":843,"column":12},"end":{"line":848,"column":13}},"271":{"start":{"line":844,"column":16},"end":{"line":844,"column":196}},"272":{"start":{"line":847,"column":16},"end":{"line":847,"column":52}},"273":{"start":{"line":851,"column":8},"end":{"line":851,"column":151}},"274":{"start":{"line":854,"column":34},"end":{"line":857,"column":5}},"275":{"start":{"line":855,"column":8},"end":{"line":855,"column":85}},"276":{"start":{"line":856,"column":8},"end":{"line":856,"column":133}},"277":{"start":{"line":869,"column":4},"end":{"line":869,"column":44}},"278":{"start":{"line":881,"column":1},"end":{"line":881,"column":51}},"279":{"start":{"line":883,"column":24},"end":{"line":898,"column":2}},"280":{"start":{"line":884,"column":2},"end":{"line":884,"column":23}},"281":{"start":{"line":885,"column":2},"end":{"line":885,"column":62}},"282":{"start":{"line":887,"column":32},"end":{"line":895,"column":3}},"283":{"start":{"line":888,"column":3},"end":{"line":888,"column":23}},"284":{"start":{"line":889,"column":3},"end":{"line":894,"column":4}},"285":{"start":{"line":890,"column":4},"end":{"line":890,"column":92}},"286":{"start":{"line":893,"column":4},"end":{"line":893,"column":22}},"287":{"start":{"line":897,"column":2},"end":{"line":897,"column":87}},"288":{"start":{"line":907,"column":1},"end":{"line":927,"column":3}},"289":{"start":{"line":908,"column":2},"end":{"line":908,"column":71}},"290":{"start":{"line":909,"column":2},"end":{"line":909,"column":78}},"291":{"start":{"line":910,"column":2},"end":{"line":910,"column":102}},"292":{"start":{"line":911,"column":2},"end":{"line":911,"column":98}},"293":{"start":{"line":913,"column":13},"end":{"line":913,"column":25}},"294":{"start":{"line":914,"column":2},"end":{"line":914,"column":22}},"295":{"start":{"line":915,"column":24},"end":{"line":915,"column":51}},"296":{"start":{"line":916,"column":2},"end":{"line":916,"column":43}},"297":{"start":{"line":917,"column":2},"end":{"line":917,"column":22}},"298":{"start":{"line":919,"column":32},"end":{"line":924,"column":3}},"299":{"start":{"line":920,"column":3},"end":{"line":920,"column":48}},"300":{"start":{"line":921,"column":3},"end":{"line":921,"column":39}},"301":{"start":{"line":922,"column":3},"end":{"line":922,"column":36}},"302":{"start":{"line":923,"column":3},"end":{"line":923,"column":114}},"303":{"start":{"line":926,"column":2},"end":{"line":926,"column":95}},"304":{"start":{"line":929,"column":26},"end":{"line":956,"column":2}},"305":{"start":{"line":930,"column":2},"end":{"line":930,"column":41}},"306":{"start":{"line":931,"column":2},"end":{"line":931,"column":27}},"307":{"start":{"line":932,"column":2},"end":{"line":932,"column":20}},"308":{"start":{"line":934,"column":2},"end":{"line":934,"column":103}},"309":{"start":{"line":935,"column":2},"end":{"line":935,"column":32}},"310":{"start":{"line":937,"column":32},"end":{"line":953,"column":3}},"311":{"start":{"line":938,"column":3},"end":{"line":938,"column":40}},"312":{"start":{"line":939,"column":3},"end":{"line":939,"column":31}},"313":{"start":{"line":941,"column":3},"end":{"line":941,"column":48}},"314":{"start":{"line":943,"column":3},"end":{"line":952,"column":4}},"315":{"start":{"line":944,"column":4},"end":{"line":944,"column":111}},"316":{"start":{"line":947,"column":4},"end":{"line":951,"column":7}},"317":{"start":{"line":955,"column":2},"end":{"line":955,"column":104}},"318":{"start":{"line":964,"column":1},"end":{"line":973,"column":3}},"319":{"start":{"line":965,"column":2},"end":{"line":965,"column":73}},"320":{"start":{"line":966,"column":2},"end":{"line":966,"column":80}},"321":{"start":{"line":967,"column":2},"end":{"line":967,"column":104}},"322":{"start":{"line":968,"column":2},"end":{"line":968,"column":100}},"323":{"start":{"line":970,"column":24},"end":{"line":970,"column":51}},"324":{"start":{"line":972,"column":2},"end":{"line":972,"column":88}},"325":{"start":{"line":987,"column":4},"end":{"line":1013,"column":6}},"326":{"start":{"line":989,"column":8},"end":{"line":989,"column":95}},"327":{"start":{"line":990,"column":8},"end":{"line":990,"column":109}},"328":{"start":{"line":991,"column":8},"end":{"line":991,"column":107}},"329":{"start":{"line":992,"column":8},"end":{"line":992,"column":105}},"330":{"start":{"line":993,"column":8},"end":{"line":993,"column":105}},"331":{"start":{"line":995,"column":8},"end":{"line":998,"column":9}},"332":{"start":{"line":996,"column":12},"end":{"line":996,"column":111}},"333":{"start":{"line":997,"column":12},"end":{"line":997,"column":107}},"334":{"start":{"line":1000,"column":24},"end":{"line":1002,"column":9}},"335":{"start":{"line":1001,"column":12},"end":{"line":1001,"column":30}},"336":{"start":{"line":1004,"column":22},"end":{"line":1010,"column":9}},"337":{"start":{"line":1012,"column":8},"end":{"line":1012,"column":77}},"338":{"start":{"line":1026,"column":4},"end":{"line":1050,"column":6}},"339":{"start":{"line":1028,"column":8},"end":{"line":1028,"column":98}},"340":{"start":{"line":1029,"column":8},"end":{"line":1029,"column":110}},"341":{"start":{"line":1030,"column":8},"end":{"line":1030,"column":108}},"342":{"start":{"line":1031,"column":8},"end":{"line":1031,"column":108}},"343":{"start":{"line":1033,"column":8},"end":{"line":1036,"column":9}},"344":{"start":{"line":1034,"column":12},"end":{"line":1034,"column":114}},"345":{"start":{"line":1035,"column":12},"end":{"line":1035,"column":110}},"346":{"start":{"line":1038,"column":24},"end":{"line":1040,"column":9}},"347":{"start":{"line":1039,"column":12},"end":{"line":1039,"column":30}},"348":{"start":{"line":1042,"column":22},"end":{"line":1047,"column":9}},"349":{"start":{"line":1049,"column":8},"end":{"line":1049,"column":82}},"350":{"start":{"line":1064,"column":4},"end":{"line":1090,"column":6}},"351":{"start":{"line":1066,"column":8},"end":{"line":1066,"column":107}},"352":{"start":{"line":1067,"column":8},"end":{"line":1067,"column":96}},"353":{"start":{"line":1068,"column":8},"end":{"line":1068,"column":117}},"354":{"start":{"line":1069,"column":8},"end":{"line":1069,"column":155}},"355":{"start":{"line":1070,"column":8},"end":{"line":1070,"column":121}},"356":{"start":{"line":1072,"column":8},"end":{"line":1075,"column":9}},"357":{"start":{"line":1073,"column":12},"end":{"line":1073,"column":123}},"358":{"start":{"line":1074,"column":12},"end":{"line":1074,"column":119}},"359":{"start":{"line":1077,"column":24},"end":{"line":1079,"column":9}},"360":{"start":{"line":1078,"column":12},"end":{"line":1078,"column":30}},"361":{"start":{"line":1081,"column":22},"end":{"line":1087,"column":9}},"362":{"start":{"line":1089,"column":8},"end":{"line":1089,"column":88}},"363":{"start":{"line":1102,"column":4},"end":{"line":1125,"column":6}},"364":{"start":{"line":1104,"column":8},"end":{"line":1104,"column":110}},"365":{"start":{"line":1105,"column":8},"end":{"line":1105,"column":99}},"366":{"start":{"line":1106,"column":8},"end":{"line":1106,"column":158}},"367":{"start":{"line":1108,"column":8},"end":{"line":1111,"column":9}},"368":{"start":{"line":1109,"column":12},"end":{"line":1109,"column":126}},"369":{"start":{"line":1110,"column":12},"end":{"line":1110,"column":122}},"370":{"start":{"line":1113,"column":22},"end":{"line":1118,"column":9}},"371":{"start":{"line":1120,"column":24},"end":{"line":1122,"column":9}},"372":{"start":{"line":1121,"column":12},"end":{"line":1121,"column":30}},"373":{"start":{"line":1124,"column":8},"end":{"line":1124,"column":94}},"374":{"start":{"line":1136,"column":4},"end":{"line":1138,"column":6}},"375":{"start":{"line":1137,"column":8},"end":{"line":1137,"column":120}},"376":{"start":{"line":1151,"column":4},"end":{"line":1153,"column":6}},"377":{"start":{"line":1152,"column":8},"end":{"line":1152,"column":118}},"378":{"start":{"line":1155,"column":27},"end":{"line":1177,"column":5}},"379":{"start":{"line":1157,"column":8},"end":{"line":1157,"column":105}},"380":{"start":{"line":1159,"column":8},"end":{"line":1162,"column":9}},"381":{"start":{"line":1160,"column":12},"end":{"line":1160,"column":117}},"382":{"start":{"line":1161,"column":12},"end":{"line":1161,"column":113}},"383":{"start":{"line":1164,"column":22},"end":{"line":1170,"column":9}},"384":{"start":{"line":1172,"column":24},"end":{"line":1174,"column":9}},"385":{"start":{"line":1173,"column":12},"end":{"line":1173,"column":42}},"386":{"start":{"line":1176,"column":8},"end":{"line":1176,"column":82}},"387":{"start":{"line":1188,"column":4},"end":{"line":1190,"column":6}},"388":{"start":{"line":1189,"column":8},"end":{"line":1189,"column":119}},"389":{"start":{"line":1203,"column":4},"end":{"line":1205,"column":6}},"390":{"start":{"line":1204,"column":8},"end":{"line":1204,"column":117}},"391":{"start":{"line":1207,"column":25},"end":{"line":1230,"column":5}},"392":{"start":{"line":1209,"column":8},"end":{"line":1209,"column":99}},"393":{"start":{"line":1211,"column":8},"end":{"line":1214,"column":9}},"394":{"start":{"line":1212,"column":12},"end":{"line":1212,"column":115}},"395":{"start":{"line":1213,"column":12},"end":{"line":1213,"column":111}},"396":{"start":{"line":1216,"column":22},"end":{"line":1223,"column":9}},"397":{"start":{"line":1225,"column":24},"end":{"line":1227,"column":9}},"398":{"start":{"line":1226,"column":12},"end":{"line":1226,"column":42}},"399":{"start":{"line":1229,"column":8},"end":{"line":1229,"column":81}},"400":{"start":{"line":1239,"column":4},"end":{"line":1248,"column":6}},"401":{"start":{"line":1241,"column":8},"end":{"line":1241,"column":104}},"402":{"start":{"line":1243,"column":22},"end":{"line":1246,"column":9}},"403":{"start":{"line":1247,"column":8},"end":{"line":1247,"column":68}},"404":{"start":{"line":1258,"column":4},"end":{"line":1270,"column":6}},"405":{"start":{"line":1260,"column":8},"end":{"line":1260,"column":104}},"406":{"start":{"line":1261,"column":8},"end":{"line":1261,"column":130}},"407":{"start":{"line":1263,"column":22},"end":{"line":1268,"column":9}},"408":{"start":{"line":1269,"column":8},"end":{"line":1269,"column":68}},"409":{"start":{"line":1281,"column":4},"end":{"line":1293,"column":6}},"410":{"start":{"line":1283,"column":8},"end":{"line":1283,"column":95}},"411":{"start":{"line":1285,"column":22},"end":{"line":1290,"column":9}},"412":{"start":{"line":1292,"column":8},"end":{"line":1292,"column":70}},"413":{"start":{"line":1303,"column":4},"end":{"line":1311,"column":6}},"414":{"start":{"line":1304,"column":22},"end":{"line":1308,"column":9}},"415":{"start":{"line":1310,"column":8},"end":{"line":1310,"column":70}},"416":{"start":{"line":1321,"column":4},"end":{"line":1333,"column":6}},"417":{"start":{"line":1322,"column":8},"end":{"line":1322,"column":96}},"418":{"start":{"line":1323,"column":8},"end":{"line":1323,"column":113}},"419":{"start":{"line":1325,"column":22},"end":{"line":1330,"column":9}},"420":{"start":{"line":1332,"column":8},"end":{"line":1332,"column":68}},"421":{"start":{"line":1345,"column":4},"end":{"line":1365,"column":6}},"422":{"start":{"line":1346,"column":8},"end":{"line":1346,"column":96}},"423":{"start":{"line":1347,"column":8},"end":{"line":1347,"column":113}},"424":{"start":{"line":1348,"column":8},"end":{"line":1348,"column":139}},"425":{"start":{"line":1350,"column":8},"end":{"line":1352,"column":9}},"426":{"start":{"line":1351,"column":12},"end":{"line":1351,"column":111}},"427":{"start":{"line":1354,"column":22},"end":{"line":1362,"column":9}},"428":{"start":{"line":1364,"column":8},"end":{"line":1364,"column":68}},"429":{"start":{"line":1378,"column":4},"end":{"line":1397,"column":6}},"430":{"start":{"line":1380,"column":8},"end":{"line":1380,"column":99}},"431":{"start":{"line":1382,"column":8},"end":{"line":1384,"column":9}},"432":{"start":{"line":1383,"column":12},"end":{"line":1383,"column":114}},"433":{"start":{"line":1386,"column":22},"end":{"line":1394,"column":9}},"434":{"start":{"line":1396,"column":8},"end":{"line":1396,"column":70}},"435":{"start":{"line":1410,"column":4},"end":{"line":1430,"column":6}},"436":{"start":{"line":1412,"column":8},"end":{"line":1412,"column":98}},"437":{"start":{"line":1413,"column":8},"end":{"line":1413,"column":104}},"438":{"start":{"line":1415,"column":8},"end":{"line":1417,"column":9}},"439":{"start":{"line":1416,"column":12},"end":{"line":1416,"column":113}},"440":{"start":{"line":1419,"column":22},"end":{"line":1427,"column":9}},"441":{"start":{"line":1429,"column":8},"end":{"line":1429,"column":70}},"442":{"start":{"line":1439,"column":4},"end":{"line":1449,"column":6}},"443":{"start":{"line":1441,"column":8},"end":{"line":1441,"column":122}},"444":{"start":{"line":1443,"column":22},"end":{"line":1446,"column":9}},"445":{"start":{"line":1448,"column":8},"end":{"line":1448,"column":68}},"446":{"start":{"line":1460,"column":4},"end":{"line":1474,"column":6}},"447":{"start":{"line":1462,"column":8},"end":{"line":1462,"column":122}},"448":{"start":{"line":1463,"column":8},"end":{"line":1463,"column":148}},"449":{"start":{"line":1465,"column":22},"end":{"line":1471,"column":9}},"450":{"start":{"line":1473,"column":8},"end":{"line":1473,"column":68}},"451":{"start":{"line":1483,"column":4},"end":{"line":1492,"column":6}},"452":{"start":{"line":1484,"column":8},"end":{"line":1484,"column":101}},"453":{"start":{"line":1486,"column":22},"end":{"line":1489,"column":9}},"454":{"start":{"line":1491,"column":8},"end":{"line":1491,"column":68}},"455":{"start":{"line":1503,"column":4},"end":{"line":1513,"column":6}},"456":{"start":{"line":1505,"column":22},"end":{"line":1510,"column":9}},"457":{"start":{"line":1512,"column":8},"end":{"line":1512,"column":78}},"458":{"start":{"line":1524,"column":4},"end":{"line":1536,"column":6}},"459":{"start":{"line":1526,"column":8},"end":{"line":1526,"column":103}},"460":{"start":{"line":1528,"column":22},"end":{"line":1533,"column":9}},"461":{"start":{"line":1535,"column":8},"end":{"line":1535,"column":70}},"462":{"start":{"line":1545,"column":4},"end":{"line":1555,"column":6}},"463":{"start":{"line":1547,"column":8},"end":{"line":1547,"column":131}},"464":{"start":{"line":1549,"column":22},"end":{"line":1552,"column":9}},"465":{"start":{"line":1554,"column":8},"end":{"line":1554,"column":68}},"466":{"start":{"line":1565,"column":4},"end":{"line":1577,"column":6}},"467":{"start":{"line":1567,"column":8},"end":{"line":1567,"column":131}},"468":{"start":{"line":1568,"column":8},"end":{"line":1568,"column":157}},"469":{"start":{"line":1570,"column":22},"end":{"line":1575,"column":9}},"470":{"start":{"line":1576,"column":8},"end":{"line":1576,"column":68}},"471":{"start":{"line":1586,"column":4},"end":{"line":1595,"column":6}},"472":{"start":{"line":1587,"column":8},"end":{"line":1587,"column":120}},"473":{"start":{"line":1589,"column":22},"end":{"line":1592,"column":9}},"474":{"start":{"line":1594,"column":8},"end":{"line":1594,"column":68}},"475":{"start":{"line":1606,"column":4},"end":{"line":1617,"column":6}},"476":{"start":{"line":1607,"column":8},"end":{"line":1607,"column":122}},"477":{"start":{"line":1609,"column":22},"end":{"line":1614,"column":9}},"478":{"start":{"line":1616,"column":8},"end":{"line":1616,"column":70}},"479":{"start":{"line":1627,"column":4},"end":{"line":1636,"column":6}},"480":{"start":{"line":1629,"column":22},"end":{"line":1633,"column":9}},"481":{"start":{"line":1635,"column":8},"end":{"line":1635,"column":78}},"482":{"start":{"line":1642,"column":4},"end":{"line":1645,"column":6}},"483":{"start":{"line":1643,"column":8},"end":{"line":1643,"column":24}},"484":{"start":{"line":1644,"column":2},"end":{"line":1644,"column":43}},"485":{"start":{"line":1653,"column":4},"end":{"line":1677,"column":6}},"486":{"start":{"line":1655,"column":8},"end":{"line":1655,"column":32}},"487":{"start":{"line":1657,"column":8},"end":{"line":1657,"column":46}},"488":{"start":{"line":1658,"column":8},"end":{"line":1658,"column":110}},"489":{"start":{"line":1659,"column":8},"end":{"line":1659,"column":106}},"490":{"start":{"line":1660,"column":8},"end":{"line":1660,"column":86}},"491":{"start":{"line":1662,"column":8},"end":{"line":1662,"column":25}},"492":{"start":{"line":1664,"column":18},"end":{"line":1667,"column":3}},"493":{"start":{"line":1665,"column":3},"end":{"line":1665,"column":26}},"494":{"start":{"line":1666,"column":12},"end":{"line":1666,"column":43}},"495":{"start":{"line":1669,"column":16},"end":{"line":1672,"column":3}},"496":{"start":{"line":1670,"column":3},"end":{"line":1670,"column":26}},"497":{"start":{"line":1671,"column":3},"end":{"line":1671,"column":24}},"498":{"start":{"line":1674,"column":8},"end":{"line":1674,"column":38}},"499":{"start":{"line":1676,"column":2},"end":{"line":1676,"column":68}},"500":{"start":{"line":1685,"column":4},"end":{"line":1692,"column":6}},"501":{"start":{"line":1687,"column":8},"end":{"line":1689,"column":9}},"502":{"start":{"line":1688,"column":12},"end":{"line":1688,"column":37}},"503":{"start":{"line":1691,"column":8},"end":{"line":1691,"column":42}},"504":{"start":{"line":1699,"column":0},"end":{"line":1708,"column":2}},"505":{"start":{"line":1716,"column":0},"end":{"line":1716,"column":32}}},"fnMap":{"0":{"name":"DynamicsWebApi","decl":{"start":{"line":71,"column":9},"end":{"line":71,"column":23}},"loc":{"start":{"line":71,"column":32},"end":{"line":1693,"column":1}},"line":71},"1":{"name":"(anonymous_1)","decl":{"start":{"line":99,"column":21},"end":{"line":99,"column":22}},"loc":{"start":{"line":99,"column":39},"end":{"line":167,"column":5}},"line":99},"2":{"name":"(anonymous_2)","decl":{"start":{"line":171,"column":23},"end":{"line":171,"column":24}},"loc":{"start":{"line":171,"column":112},"end":{"line":175,"column":5}},"line":171},"3":{"name":"(anonymous_3)","decl":{"start":{"line":201,"column":25},"end":{"line":201,"column":26}},"loc":{"start":{"line":201,"column":76},"end":{"line":213,"column":5}},"line":201},"4":{"name":"(anonymous_4)","decl":{"start":{"line":208,"column":24},"end":{"line":208,"column":25}},"loc":{"start":{"line":208,"column":44},"end":{"line":210,"column":9}},"line":208},"5":{"name":"(anonymous_5)","decl":{"start":{"line":236,"column":18},"end":{"line":236,"column":19}},"loc":{"start":{"line":236,"column":96},"end":{"line":257,"column":5}},"line":236},"6":{"name":"(anonymous_6)","decl":{"start":{"line":266,"column":25},"end":{"line":266,"column":26}},"loc":{"start":{"line":266,"column":76},"end":{"line":300,"column":5}},"line":266},"7":{"name":"(anonymous_7)","decl":{"start":{"line":278,"column":24},"end":{"line":278,"column":25}},"loc":{"start":{"line":278,"column":44},"end":{"line":280,"column":9}},"line":278},"8":{"name":"(anonymous_8)","decl":{"start":{"line":284,"column":22},"end":{"line":284,"column":23}},"loc":{"start":{"line":284,"column":37},"end":{"line":293,"column":9}},"line":284},"9":{"name":"(anonymous_9)","decl":{"start":{"line":313,"column":18},"end":{"line":313,"column":19}},"loc":{"start":{"line":313,"column":101},"end":{"line":341,"column":5}},"line":313},"10":{"name":"(anonymous_10)","decl":{"start":{"line":354,"column":32},"end":{"line":354,"column":33}},"loc":{"start":{"line":354,"column":121},"end":{"line":390,"column":5}},"line":354},"11":{"name":"(anonymous_11)","decl":{"start":{"line":385,"column":24},"end":{"line":385,"column":25}},"loc":{"start":{"line":385,"column":44},"end":{"line":387,"column":9}},"line":385},"12":{"name":"(anonymous_12)","decl":{"start":{"line":399,"column":25},"end":{"line":399,"column":26}},"loc":{"start":{"line":399,"column":76},"end":{"line":425,"column":5}},"line":399},"13":{"name":"(anonymous_13)","decl":{"start":{"line":407,"column":24},"end":{"line":407,"column":25}},"loc":{"start":{"line":407,"column":44},"end":{"line":409,"column":9}},"line":407},"14":{"name":"(anonymous_14)","decl":{"start":{"line":413,"column":22},"end":{"line":413,"column":23}},"loc":{"start":{"line":413,"column":37},"end":{"line":422,"column":9}},"line":413},"15":{"name":"(anonymous_15)","decl":{"start":{"line":436,"column":24},"end":{"line":436,"column":25}},"loc":{"start":{"line":436,"column":97},"end":{"line":461,"column":5}},"line":436},"16":{"name":"(anonymous_16)","decl":{"start":{"line":449,"column":24},"end":{"line":449,"column":25}},"loc":{"start":{"line":449,"column":39},"end":{"line":452,"column":9}},"line":449},"17":{"name":"(anonymous_17)","decl":{"start":{"line":470,"column":27},"end":{"line":470,"column":28}},"loc":{"start":{"line":470,"column":78},"end":{"line":484,"column":5}},"line":470},"18":{"name":"(anonymous_18)","decl":{"start":{"line":478,"column":24},"end":{"line":478,"column":25}},"loc":{"start":{"line":478,"column":44},"end":{"line":480,"column":9}},"line":478},"19":{"name":"(anonymous_19)","decl":{"start":{"line":496,"column":20},"end":{"line":496,"column":21}},"loc":{"start":{"line":496,"column":95},"end":{"line":522,"column":5}},"line":496},"20":{"name":"(anonymous_20)","decl":{"start":{"line":531,"column":25},"end":{"line":531,"column":26}},"loc":{"start":{"line":531,"column":76},"end":{"line":563,"column":5}},"line":531},"21":{"name":"(anonymous_21)","decl":{"start":{"line":543,"column":24},"end":{"line":543,"column":25}},"loc":{"start":{"line":543,"column":44},"end":{"line":545,"column":9}},"line":543},"22":{"name":"(anonymous_22)","decl":{"start":{"line":547,"column":22},"end":{"line":547,"column":23}},"loc":{"start":{"line":547,"column":37},"end":{"line":560,"column":9}},"line":547},"23":{"name":"(anonymous_23)","decl":{"start":{"line":576,"column":18},"end":{"line":576,"column":19}},"loc":{"start":{"line":576,"column":101},"end":{"line":606,"column":5}},"line":576},"24":{"name":"(anonymous_24)","decl":{"start":{"line":616,"column":17},"end":{"line":616,"column":18}},"loc":{"start":{"line":616,"column":79},"end":{"line":640,"column":5}},"line":616},"25":{"name":"(anonymous_25)","decl":{"start":{"line":635,"column":24},"end":{"line":635,"column":25}},"loc":{"start":{"line":635,"column":44},"end":{"line":637,"column":9}},"line":635},"26":{"name":"(anonymous_26)","decl":{"start":{"line":651,"column":20},"end":{"line":651,"column":21}},"loc":{"start":{"line":651,"column":90},"end":{"line":663,"column":5}},"line":651},"27":{"name":"(anonymous_27)","decl":{"start":{"line":658,"column":11},"end":{"line":658,"column":12}},"loc":{"start":{"line":658,"column":31},"end":{"line":662,"column":9}},"line":658},"28":{"name":"(anonymous_28)","decl":{"start":{"line":675,"column":28},"end":{"line":675,"column":29}},"loc":{"start":{"line":675,"column":109},"end":{"line":682,"column":5}},"line":675},"29":{"name":"(anonymous_29)","decl":{"start":{"line":693,"column":23},"end":{"line":693,"column":24}},"loc":{"start":{"line":693,"column":93},"end":{"line":701,"column":5}},"line":693},"30":{"name":"(anonymous_30)","decl":{"start":{"line":703,"column":34},"end":{"line":703,"column":35}},"loc":{"start":{"line":703,"column":96},"end":{"line":720,"column":5}},"line":703},"31":{"name":"(anonymous_31)","decl":{"start":{"line":715,"column":24},"end":{"line":715,"column":25}},"loc":{"start":{"line":715,"column":44},"end":{"line":717,"column":9}},"line":715},"32":{"name":"(anonymous_32)","decl":{"start":{"line":732,"column":30},"end":{"line":732,"column":31}},"loc":{"start":{"line":732,"column":101},"end":{"line":757,"column":5}},"line":732},"33":{"name":"(anonymous_33)","decl":{"start":{"line":736,"column":38},"end":{"line":736,"column":39}},"loc":{"start":{"line":736,"column":58},"end":{"line":754,"column":9}},"line":736},"34":{"name":"(anonymous_34)","decl":{"start":{"line":766,"column":30},"end":{"line":766,"column":31}},"loc":{"start":{"line":766,"column":81},"end":{"line":770,"column":5}},"line":766},"35":{"name":"(anonymous_35)","decl":{"start":{"line":772,"column":26},"end":{"line":772,"column":27}},"loc":{"start":{"line":772,"column":155},"end":{"line":807,"column":5}},"line":772},"36":{"name":"(anonymous_36)","decl":{"start":{"line":802,"column":24},"end":{"line":802,"column":25}},"loc":{"start":{"line":802,"column":44},"end":{"line":804,"column":9}},"line":802},"37":{"name":"(anonymous_37)","decl":{"start":{"line":837,"column":30},"end":{"line":837,"column":31}},"loc":{"start":{"line":837,"column":168},"end":{"line":852,"column":5}},"line":837},"38":{"name":"(anonymous_38)","decl":{"start":{"line":840,"column":38},"end":{"line":840,"column":39}},"loc":{"start":{"line":840,"column":58},"end":{"line":849,"column":9}},"line":840},"39":{"name":"(anonymous_39)","decl":{"start":{"line":854,"column":34},"end":{"line":854,"column":35}},"loc":{"start":{"line":854,"column":137},"end":{"line":857,"column":5}},"line":854},"40":{"name":"(anonymous_40)","decl":{"start":{"line":883,"column":24},"end":{"line":883,"column":25}},"loc":{"start":{"line":883,"column":105},"end":{"line":898,"column":2}},"line":883},"41":{"name":"(anonymous_41)","decl":{"start":{"line":887,"column":32},"end":{"line":887,"column":33}},"loc":{"start":{"line":887,"column":52},"end":{"line":895,"column":3}},"line":887},"42":{"name":"(anonymous_42)","decl":{"start":{"line":907,"column":19},"end":{"line":907,"column":20}},"loc":{"start":{"line":907,"column":70},"end":{"line":927,"column":2}},"line":907},"43":{"name":"(anonymous_43)","decl":{"start":{"line":919,"column":32},"end":{"line":919,"column":33}},"loc":{"start":{"line":919,"column":52},"end":{"line":924,"column":3}},"line":919},"44":{"name":"(anonymous_44)","decl":{"start":{"line":929,"column":26},"end":{"line":929,"column":27}},"loc":{"start":{"line":929,"column":110},"end":{"line":956,"column":2}},"line":929},"45":{"name":"(anonymous_45)","decl":{"start":{"line":937,"column":32},"end":{"line":937,"column":33}},"loc":{"start":{"line":937,"column":52},"end":{"line":953,"column":3}},"line":937},"46":{"name":"(anonymous_46)","decl":{"start":{"line":964,"column":21},"end":{"line":964,"column":22}},"loc":{"start":{"line":964,"column":72},"end":{"line":973,"column":2}},"line":964},"47":{"name":"(anonymous_47)","decl":{"start":{"line":987,"column":21},"end":{"line":987,"column":22}},"loc":{"start":{"line":987,"column":155},"end":{"line":1013,"column":5}},"line":987},"48":{"name":"(anonymous_48)","decl":{"start":{"line":1000,"column":24},"end":{"line":1000,"column":25}},"loc":{"start":{"line":1000,"column":36},"end":{"line":1002,"column":9}},"line":1000},"49":{"name":"(anonymous_49)","decl":{"start":{"line":1026,"column":24},"end":{"line":1026,"column":25}},"loc":{"start":{"line":1026,"column":139},"end":{"line":1050,"column":5}},"line":1026},"50":{"name":"(anonymous_50)","decl":{"start":{"line":1038,"column":24},"end":{"line":1038,"column":25}},"loc":{"start":{"line":1038,"column":36},"end":{"line":1040,"column":9}},"line":1038},"51":{"name":"(anonymous_51)","decl":{"start":{"line":1064,"column":33},"end":{"line":1064,"column":34}},"loc":{"start":{"line":1064,"column":178},"end":{"line":1090,"column":5}},"line":1064},"52":{"name":"(anonymous_52)","decl":{"start":{"line":1077,"column":24},"end":{"line":1077,"column":25}},"loc":{"start":{"line":1077,"column":36},"end":{"line":1079,"column":9}},"line":1077},"53":{"name":"(anonymous_53)","decl":{"start":{"line":1102,"column":36},"end":{"line":1102,"column":37}},"loc":{"start":{"line":1102,"column":150},"end":{"line":1125,"column":5}},"line":1102},"54":{"name":"(anonymous_54)","decl":{"start":{"line":1120,"column":24},"end":{"line":1120,"column":25}},"loc":{"start":{"line":1120,"column":36},"end":{"line":1122,"column":9}},"line":1120},"55":{"name":"(anonymous_55)","decl":{"start":{"line":1136,"column":34},"end":{"line":1136,"column":35}},"loc":{"start":{"line":1136,"column":121},"end":{"line":1138,"column":5}},"line":1136},"56":{"name":"(anonymous_56)","decl":{"start":{"line":1151,"column":32},"end":{"line":1151,"column":33}},"loc":{"start":{"line":1151,"column":135},"end":{"line":1153,"column":5}},"line":1151},"57":{"name":"(anonymous_57)","decl":{"start":{"line":1155,"column":27},"end":{"line":1155,"column":28}},"loc":{"start":{"line":1155,"column":141},"end":{"line":1177,"column":5}},"line":1155},"58":{"name":"(anonymous_58)","decl":{"start":{"line":1172,"column":24},"end":{"line":1172,"column":25}},"loc":{"start":{"line":1172,"column":44},"end":{"line":1174,"column":9}},"line":1172},"59":{"name":"(anonymous_59)","decl":{"start":{"line":1188,"column":32},"end":{"line":1188,"column":33}},"loc":{"start":{"line":1188,"column":120},"end":{"line":1190,"column":5}},"line":1188},"60":{"name":"(anonymous_60)","decl":{"start":{"line":1203,"column":30},"end":{"line":1203,"column":31}},"loc":{"start":{"line":1203,"column":134},"end":{"line":1205,"column":5}},"line":1203},"61":{"name":"(anonymous_61)","decl":{"start":{"line":1207,"column":25},"end":{"line":1207,"column":26}},"loc":{"start":{"line":1207,"column":140},"end":{"line":1230,"column":5}},"line":1207},"62":{"name":"(anonymous_62)","decl":{"start":{"line":1225,"column":24},"end":{"line":1225,"column":25}},"loc":{"start":{"line":1225,"column":44},"end":{"line":1227,"column":9}},"line":1225},"63":{"name":"(anonymous_63)","decl":{"start":{"line":1239,"column":24},"end":{"line":1239,"column":25}},"loc":{"start":{"line":1239,"column":84},"end":{"line":1248,"column":5}},"line":1239},"64":{"name":"(anonymous_64)","decl":{"start":{"line":1258,"column":24},"end":{"line":1258,"column":25}},"loc":{"start":{"line":1258,"column":97},"end":{"line":1270,"column":5}},"line":1258},"65":{"name":"(anonymous_65)","decl":{"start":{"line":1281,"column":26},"end":{"line":1281,"column":27}},"loc":{"start":{"line":1281,"column":95},"end":{"line":1293,"column":5}},"line":1281},"66":{"name":"(anonymous_66)","decl":{"start":{"line":1303,"column":28},"end":{"line":1303,"column":29}},"loc":{"start":{"line":1303,"column":86},"end":{"line":1311,"column":5}},"line":1303},"67":{"name":"(anonymous_67)","decl":{"start":{"line":1321,"column":27},"end":{"line":1321,"column":28}},"loc":{"start":{"line":1321,"column":101},"end":{"line":1333,"column":5}},"line":1321},"68":{"name":"(anonymous_68)","decl":{"start":{"line":1345,"column":27},"end":{"line":1345,"column":28}},"loc":{"start":{"line":1345,"column":129},"end":{"line":1365,"column":5}},"line":1345},"69":{"name":"(anonymous_69)","decl":{"start":{"line":1378,"column":30},"end":{"line":1378,"column":31}},"loc":{"start":{"line":1378,"column":122},"end":{"line":1397,"column":5}},"line":1378},"70":{"name":"(anonymous_70)","decl":{"start":{"line":1410,"column":29},"end":{"line":1410,"column":30}},"loc":{"start":{"line":1410,"column":127},"end":{"line":1430,"column":5}},"line":1410},"71":{"name":"(anonymous_71)","decl":{"start":{"line":1439,"column":30},"end":{"line":1439,"column":31}},"loc":{"start":{"line":1439,"column":96},"end":{"line":1449,"column":5}},"line":1439},"72":{"name":"(anonymous_72)","decl":{"start":{"line":1460,"column":30},"end":{"line":1460,"column":31}},"loc":{"start":{"line":1460,"column":127},"end":{"line":1474,"column":5}},"line":1460},"73":{"name":"(anonymous_73)","decl":{"start":{"line":1483,"column":30},"end":{"line":1483,"column":31}},"loc":{"start":{"line":1483,"column":84},"end":{"line":1492,"column":5}},"line":1483},"74":{"name":"(anonymous_74)","decl":{"start":{"line":1503,"column":33},"end":{"line":1503,"column":34}},"loc":{"start":{"line":1503,"column":109},"end":{"line":1513,"column":5}},"line":1503},"75":{"name":"(anonymous_75)","decl":{"start":{"line":1524,"column":32},"end":{"line":1524,"column":33}},"loc":{"start":{"line":1524,"column":112},"end":{"line":1536,"column":5}},"line":1524},"76":{"name":"(anonymous_76)","decl":{"start":{"line":1545,"column":33},"end":{"line":1545,"column":34}},"loc":{"start":{"line":1545,"column":102},"end":{"line":1555,"column":5}},"line":1545},"77":{"name":"(anonymous_77)","decl":{"start":{"line":1565,"column":33},"end":{"line":1565,"column":34}},"loc":{"start":{"line":1565,"column":115},"end":{"line":1577,"column":5}},"line":1565},"78":{"name":"(anonymous_78)","decl":{"start":{"line":1586,"column":33},"end":{"line":1586,"column":34}},"loc":{"start":{"line":1586,"column":95},"end":{"line":1595,"column":5}},"line":1586},"79":{"name":"(anonymous_79)","decl":{"start":{"line":1606,"column":35},"end":{"line":1606,"column":36}},"loc":{"start":{"line":1606,"column":115},"end":{"line":1617,"column":5}},"line":1606},"80":{"name":"(anonymous_80)","decl":{"start":{"line":1627,"column":36},"end":{"line":1627,"column":37}},"loc":{"start":{"line":1627,"column":96},"end":{"line":1636,"column":5}},"line":1627},"81":{"name":"(anonymous_81)","decl":{"start":{"line":1642,"column":22},"end":{"line":1642,"column":23}},"loc":{"start":{"line":1642,"column":34},"end":{"line":1645,"column":5}},"line":1642},"82":{"name":"(anonymous_82)","decl":{"start":{"line":1653,"column":24},"end":{"line":1653,"column":25}},"loc":{"start":{"line":1653,"column":75},"end":{"line":1677,"column":5}},"line":1653},"83":{"name":"(anonymous_83)","decl":{"start":{"line":1664,"column":18},"end":{"line":1664,"column":19}},"loc":{"start":{"line":1664,"column":38},"end":{"line":1667,"column":3}},"line":1664},"84":{"name":"(anonymous_84)","decl":{"start":{"line":1669,"column":16},"end":{"line":1669,"column":17}},"loc":{"start":{"line":1669,"column":33},"end":{"line":1672,"column":3}},"line":1669},"85":{"name":"(anonymous_85)","decl":{"start":{"line":1685,"column":30},"end":{"line":1685,"column":31}},"loc":{"start":{"line":1685,"column":48},"end":{"line":1692,"column":5}},"line":1685}},"branchMap":{"0":{"loc":{"start":{"line":8,"column":0},"end":{"line":10,"column":1}},"type":"if","locations":[{"start":{"line":8,"column":0},"end":{"line":10,"column":1}},{"start":{"line":8,"column":0},"end":{"line":10,"column":1}}],"line":8},"1":{"loc":{"start":{"line":8,"column":4},"end":{"line":8,"column":62}},"type":"binary-expr","locations":[{"start":{"line":8,"column":4},"end":{"line":8,"column":30}},{"start":{"line":8,"column":34},"end":{"line":8,"column":62}}],"line":8},"2":{"loc":{"start":{"line":88,"column":4},"end":{"line":90,"column":5}},"type":"if","locations":[{"start":{"line":88,"column":4},"end":{"line":90,"column":5}},{"start":{"line":88,"column":4},"end":{"line":90,"column":5}}],"line":88},"3":{"loc":{"start":{"line":101,"column":25},"end":{"line":101,"column":78}},"type":"binary-expr","locations":[{"start":{"line":101,"column":25},"end":{"line":101,"column":45}},{"start":{"line":101,"column":49},"end":{"line":101,"column":78}}],"line":101},"4":{"loc":{"start":{"line":103,"column":2},"end":{"line":106,"column":3}},"type":"if","locations":[{"start":{"line":103,"column":2},"end":{"line":106,"column":3}},{"start":{"line":103,"column":2},"end":{"line":106,"column":3}}],"line":103},"5":{"loc":{"start":{"line":108,"column":2},"end":{"line":115,"column":3}},"type":"if","locations":[{"start":{"line":108,"column":2},"end":{"line":115,"column":3}},{"start":{"line":108,"column":2},"end":{"line":115,"column":3}}],"line":108},"6":{"loc":{"start":{"line":112,"column":3},"end":{"line":114,"column":4}},"type":"if","locations":[{"start":{"line":112,"column":3},"end":{"line":114,"column":4}},{"start":{"line":112,"column":3},"end":{"line":114,"column":4}}],"line":112},"7":{"loc":{"start":{"line":112,"column":7},"end":{"line":112,"column":52}},"type":"binary-expr","locations":[{"start":{"line":112,"column":7},"end":{"line":112,"column":33}},{"start":{"line":112,"column":37},"end":{"line":112,"column":52}}],"line":112},"8":{"loc":{"start":{"line":117,"column":8},"end":{"line":119,"column":3}},"type":"if","locations":[{"start":{"line":117,"column":8},"end":{"line":119,"column":3}},{"start":{"line":117,"column":8},"end":{"line":119,"column":3}}],"line":117},"9":{"loc":{"start":{"line":121,"column":2},"end":{"line":123,"column":3}},"type":"if","locations":[{"start":{"line":121,"column":2},"end":{"line":123,"column":3}},{"start":{"line":121,"column":2},"end":{"line":123,"column":3}}],"line":121},"10":{"loc":{"start":{"line":125,"column":8},"end":{"line":128,"column":9}},"type":"if","locations":[{"start":{"line":125,"column":8},"end":{"line":128,"column":9}},{"start":{"line":125,"column":8},"end":{"line":128,"column":9}}],"line":125},"11":{"loc":{"start":{"line":130,"column":8},"end":{"line":133,"column":9}},"type":"if","locations":[{"start":{"line":130,"column":8},"end":{"line":133,"column":9}},{"start":{"line":130,"column":8},"end":{"line":133,"column":9}}],"line":130},"12":{"loc":{"start":{"line":135,"column":8},"end":{"line":138,"column":9}},"type":"if","locations":[{"start":{"line":135,"column":8},"end":{"line":138,"column":9}},{"start":{"line":135,"column":8},"end":{"line":138,"column":9}}],"line":135},"13":{"loc":{"start":{"line":140,"column":8},"end":{"line":143,"column":9}},"type":"if","locations":[{"start":{"line":140,"column":8},"end":{"line":143,"column":9}},{"start":{"line":140,"column":8},"end":{"line":143,"column":9}}],"line":140},"14":{"loc":{"start":{"line":145,"column":8},"end":{"line":148,"column":3}},"type":"if","locations":[{"start":{"line":145,"column":8},"end":{"line":148,"column":3}},{"start":{"line":145,"column":8},"end":{"line":148,"column":3}}],"line":145},"15":{"loc":{"start":{"line":151,"column":2},"end":{"line":165,"column":3}},"type":"if","locations":[{"start":{"line":151,"column":2},"end":{"line":165,"column":3}},{"start":{"line":151,"column":2},"end":{"line":165,"column":3}}],"line":151},"16":{"loc":{"start":{"line":154,"column":3},"end":{"line":162,"column":4}},"type":"if","locations":[{"start":{"line":154,"column":3},"end":{"line":162,"column":4}},{"start":{"line":154,"column":3},"end":{"line":162,"column":4}}],"line":154},"17":{"loc":{"start":{"line":157,"column":4},"end":{"line":161,"column":5}},"type":"if","locations":[{"start":{"line":157,"column":4},"end":{"line":161,"column":5}},{"start":{"line":157,"column":4},"end":{"line":161,"column":5}}],"line":157},"18":{"loc":{"start":{"line":203,"column":8},"end":{"line":206,"column":9}},"type":"if","locations":[{"start":{"line":203,"column":8},"end":{"line":206,"column":9}},{"start":{"line":203,"column":8},"end":{"line":206,"column":9}}],"line":203},"19":{"loc":{"start":{"line":241,"column":8},"end":{"line":243,"column":9}},"type":"if","locations":[{"start":{"line":241,"column":8},"end":{"line":243,"column":9}},{"start":{"line":241,"column":8},"end":{"line":243,"column":9}}],"line":241},"20":{"loc":{"start":{"line":245,"column":8},"end":{"line":247,"column":9}},"type":"if","locations":[{"start":{"line":245,"column":8},"end":{"line":247,"column":9}},{"start":{"line":245,"column":8},"end":{"line":247,"column":9}}],"line":245},"21":{"loc":{"start":{"line":269,"column":8},"end":{"line":272,"column":9}},"type":"if","locations":[{"start":{"line":269,"column":8},"end":{"line":272,"column":9}},{"start":{"line":269,"column":8},"end":{"line":272,"column":9}}],"line":269},"22":{"loc":{"start":{"line":274,"column":8},"end":{"line":276,"column":9}},"type":"if","locations":[{"start":{"line":274,"column":8},"end":{"line":276,"column":9}},{"start":{"line":274,"column":8},"end":{"line":276,"column":9}}],"line":274},"23":{"loc":{"start":{"line":285,"column":12},"end":{"line":292,"column":13}},"type":"if","locations":[{"start":{"line":285,"column":12},"end":{"line":292,"column":13}},{"start":{"line":285,"column":12},"end":{"line":292,"column":13}}],"line":285},"24":{"loc":{"start":{"line":285,"column":16},"end":{"line":285,"column":45}},"type":"binary-expr","locations":[{"start":{"line":285,"column":16},"end":{"line":285,"column":23}},{"start":{"line":285,"column":27},"end":{"line":285,"column":45}}],"line":285},"25":{"loc":{"start":{"line":296,"column":21},"end":{"line":297,"column":29}},"type":"cond-expr","locations":[{"start":{"line":297,"column":14},"end":{"line":297,"column":19}},{"start":{"line":297,"column":22},"end":{"line":297,"column":29}}],"line":296},"26":{"loc":{"start":{"line":319,"column":8},"end":{"line":322,"column":9}},"type":"if","locations":[{"start":{"line":319,"column":8},"end":{"line":322,"column":9}},{"start":{"line":319,"column":8},"end":{"line":322,"column":9}}],"line":319},"27":{"loc":{"start":{"line":324,"column":8},"end":{"line":326,"column":9}},"type":"if","locations":[{"start":{"line":324,"column":8},"end":{"line":326,"column":9}},{"start":{"line":324,"column":8},"end":{"line":326,"column":9}}],"line":324},"28":{"loc":{"start":{"line":328,"column":8},"end":{"line":330,"column":9}},"type":"if","locations":[{"start":{"line":328,"column":8},"end":{"line":330,"column":9}},{"start":{"line":328,"column":8},"end":{"line":330,"column":9}}],"line":328},"29":{"loc":{"start":{"line":360,"column":8},"end":{"line":363,"column":9}},"type":"if","locations":[{"start":{"line":360,"column":8},"end":{"line":363,"column":9}},{"start":{"line":360,"column":8},"end":{"line":363,"column":9}}],"line":360},"30":{"loc":{"start":{"line":365,"column":8},"end":{"line":367,"column":9}},"type":"if","locations":[{"start":{"line":365,"column":8},"end":{"line":367,"column":9}},{"start":{"line":365,"column":8},"end":{"line":367,"column":9}}],"line":365},"31":{"loc":{"start":{"line":369,"column":8},"end":{"line":371,"column":9}},"type":"if","locations":[{"start":{"line":369,"column":8},"end":{"line":371,"column":9}},{"start":{"line":369,"column":8},"end":{"line":371,"column":9}}],"line":369},"32":{"loc":{"start":{"line":402,"column":8},"end":{"line":405,"column":9}},"type":"if","locations":[{"start":{"line":402,"column":8},"end":{"line":405,"column":9}},{"start":{"line":402,"column":8},"end":{"line":405,"column":9}}],"line":402},"33":{"loc":{"start":{"line":414,"column":12},"end":{"line":421,"column":13}},"type":"if","locations":[{"start":{"line":414,"column":12},"end":{"line":421,"column":13}},{"start":{"line":414,"column":12},"end":{"line":421,"column":13}}],"line":414},"34":{"loc":{"start":{"line":414,"column":16},"end":{"line":414,"column":45}},"type":"binary-expr","locations":[{"start":{"line":414,"column":16},"end":{"line":414,"column":23}},{"start":{"line":414,"column":27},"end":{"line":414,"column":45}}],"line":414},"35":{"loc":{"start":{"line":441,"column":8},"end":{"line":444,"column":9}},"type":"if","locations":[{"start":{"line":441,"column":8},"end":{"line":444,"column":9}},{"start":{"line":441,"column":8},"end":{"line":444,"column":9}}],"line":441},"36":{"loc":{"start":{"line":446,"column":8},"end":{"line":447,"column":100}},"type":"if","locations":[{"start":{"line":446,"column":8},"end":{"line":447,"column":100}},{"start":{"line":446,"column":8},"end":{"line":447,"column":100}}],"line":446},"37":{"loc":{"start":{"line":473,"column":8},"end":{"line":476,"column":9}},"type":"if","locations":[{"start":{"line":473,"column":8},"end":{"line":476,"column":9}},{"start":{"line":473,"column":8},"end":{"line":476,"column":9}}],"line":473},"38":{"loc":{"start":{"line":482,"column":20},"end":{"line":482,"column":112}},"type":"binary-expr","locations":[{"start":{"line":482,"column":20},"end":{"line":482,"column":42}},{"start":{"line":482,"column":46},"end":{"line":482,"column":73}},{"start":{"line":482,"column":77},"end":{"line":482,"column":112}}],"line":482},"39":{"loc":{"start":{"line":501,"column":8},"end":{"line":504,"column":9}},"type":"if","locations":[{"start":{"line":501,"column":8},"end":{"line":504,"column":9}},{"start":{"line":501,"column":8},"end":{"line":504,"column":9}}],"line":501},"40":{"loc":{"start":{"line":506,"column":8},"end":{"line":508,"column":9}},"type":"if","locations":[{"start":{"line":506,"column":8},"end":{"line":508,"column":9}},{"start":{"line":506,"column":8},"end":{"line":508,"column":9}}],"line":506},"41":{"loc":{"start":{"line":506,"column":12},"end":{"line":506,"column":35}},"type":"binary-expr","locations":[{"start":{"line":506,"column":12},"end":{"line":506,"column":18}},{"start":{"line":506,"column":22},"end":{"line":506,"column":35}}],"line":506},"42":{"loc":{"start":{"line":510,"column":8},"end":{"line":512,"column":9}},"type":"if","locations":[{"start":{"line":510,"column":8},"end":{"line":512,"column":9}},{"start":{"line":510,"column":8},"end":{"line":512,"column":9}}],"line":510},"43":{"loc":{"start":{"line":510,"column":12},"end":{"line":510,"column":35}},"type":"binary-expr","locations":[{"start":{"line":510,"column":12},"end":{"line":510,"column":18}},{"start":{"line":510,"column":22},"end":{"line":510,"column":35}}],"line":510},"44":{"loc":{"start":{"line":535,"column":8},"end":{"line":538,"column":9}},"type":"if","locations":[{"start":{"line":535,"column":8},"end":{"line":538,"column":9}},{"start":{"line":535,"column":8},"end":{"line":538,"column":9}}],"line":535},"45":{"loc":{"start":{"line":548,"column":12},"end":{"line":559,"column":13}},"type":"if","locations":[{"start":{"line":548,"column":12},"end":{"line":559,"column":13}},{"start":{"line":548,"column":12},"end":{"line":559,"column":13}}],"line":548},"46":{"loc":{"start":{"line":548,"column":16},"end":{"line":548,"column":49}},"type":"binary-expr","locations":[{"start":{"line":548,"column":16},"end":{"line":548,"column":27}},{"start":{"line":548,"column":31},"end":{"line":548,"column":49}}],"line":548},"47":{"loc":{"start":{"line":552,"column":17},"end":{"line":559,"column":13}},"type":"if","locations":[{"start":{"line":552,"column":17},"end":{"line":559,"column":13}},{"start":{"line":552,"column":17},"end":{"line":559,"column":13}}],"line":552},"48":{"loc":{"start":{"line":552,"column":21},"end":{"line":552,"column":50}},"type":"binary-expr","locations":[{"start":{"line":552,"column":21},"end":{"line":552,"column":28}},{"start":{"line":552,"column":32},"end":{"line":552,"column":50}}],"line":552},"49":{"loc":{"start":{"line":584,"column":8},"end":{"line":587,"column":9}},"type":"if","locations":[{"start":{"line":584,"column":8},"end":{"line":587,"column":9}},{"start":{"line":584,"column":8},"end":{"line":587,"column":9}}],"line":584},"50":{"loc":{"start":{"line":589,"column":8},"end":{"line":591,"column":9}},"type":"if","locations":[{"start":{"line":589,"column":8},"end":{"line":591,"column":9}},{"start":{"line":589,"column":8},"end":{"line":591,"column":9}}],"line":589},"51":{"loc":{"start":{"line":593,"column":8},"end":{"line":595,"column":9}},"type":"if","locations":[{"start":{"line":593,"column":8},"end":{"line":595,"column":9}},{"start":{"line":593,"column":8},"end":{"line":595,"column":9}}],"line":593},"52":{"loc":{"start":{"line":618,"column":8},"end":{"line":621,"column":9}},"type":"if","locations":[{"start":{"line":618,"column":8},"end":{"line":621,"column":9}},{"start":{"line":618,"column":8},"end":{"line":621,"column":9}}],"line":618},"53":{"loc":{"start":{"line":627,"column":8},"end":{"line":633,"column":9}},"type":"if","locations":[{"start":{"line":627,"column":8},"end":{"line":633,"column":9}},{"start":{"line":627,"column":8},"end":{"line":633,"column":9}}],"line":627},"54":{"loc":{"start":{"line":627,"column":12},"end":{"line":627,"column":64}},"type":"binary-expr","locations":[{"start":{"line":627,"column":12},"end":{"line":627,"column":26}},{"start":{"line":627,"column":31},"end":{"line":627,"column":45}},{"start":{"line":627,"column":49},"end":{"line":627,"column":63}}],"line":627},"55":{"loc":{"start":{"line":659,"column":28},"end":{"line":661,"column":19}},"type":"cond-expr","locations":[{"start":{"line":660,"column":19},"end":{"line":660,"column":61}},{"start":{"line":661,"column":18},"end":{"line":661,"column":19}}],"line":659},"56":{"loc":{"start":{"line":660,"column":19},"end":{"line":660,"column":61}},"type":"cond-expr","locations":[{"start":{"line":660,"column":36},"end":{"line":660,"column":57}},{"start":{"line":660,"column":60},"end":{"line":660,"column":61}}],"line":660},"57":{"loc":{"start":{"line":705,"column":8},"end":{"line":708,"column":9}},"type":"if","locations":[{"start":{"line":705,"column":8},"end":{"line":708,"column":9}},{"start":{"line":705,"column":8},"end":{"line":708,"column":9}}],"line":705},"58":{"loc":{"start":{"line":710,"column":8},"end":{"line":713,"column":9}},"type":"if","locations":[{"start":{"line":710,"column":8},"end":{"line":713,"column":9}},{"start":{"line":710,"column":8},"end":{"line":713,"column":9}}],"line":710},"59":{"loc":{"start":{"line":734,"column":18},"end":{"line":734,"column":31}},"type":"binary-expr","locations":[{"start":{"line":734,"column":18},"end":{"line":734,"column":25}},{"start":{"line":734,"column":29},"end":{"line":734,"column":31}}],"line":734},"60":{"loc":{"start":{"line":741,"column":12},"end":{"line":753,"column":13}},"type":"if","locations":[{"start":{"line":741,"column":12},"end":{"line":753,"column":13}},{"start":{"line":741,"column":12},"end":{"line":753,"column":13}}],"line":741},"61":{"loc":{"start":{"line":747,"column":16},"end":{"line":750,"column":17}},"type":"if","locations":[{"start":{"line":747,"column":16},"end":{"line":750,"column":17}},{"start":{"line":747,"column":16},"end":{"line":750,"column":17}}],"line":747},"62":{"loc":{"start":{"line":777,"column":8},"end":{"line":780,"column":9}},"type":"if","locations":[{"start":{"line":777,"column":8},"end":{"line":780,"column":9}},{"start":{"line":777,"column":8},"end":{"line":780,"column":9}}],"line":777},"63":{"loc":{"start":{"line":782,"column":21},"end":{"line":782,"column":36}},"type":"binary-expr","locations":[{"start":{"line":782,"column":21},"end":{"line":782,"column":31}},{"start":{"line":782,"column":35},"end":{"line":782,"column":36}}],"line":782},"64":{"loc":{"start":{"line":787,"column":8},"end":{"line":790,"column":9}},"type":"if","locations":[{"start":{"line":787,"column":8},"end":{"line":790,"column":9}},{"start":{"line":787,"column":8},"end":{"line":790,"column":9}}],"line":787},"65":{"loc":{"start":{"line":838,"column":18},"end":{"line":838,"column":31}},"type":"binary-expr","locations":[{"start":{"line":838,"column":18},"end":{"line":838,"column":25}},{"start":{"line":838,"column":29},"end":{"line":838,"column":31}}],"line":838},"66":{"loc":{"start":{"line":843,"column":12},"end":{"line":848,"column":13}},"type":"if","locations":[{"start":{"line":843,"column":12},"end":{"line":848,"column":13}},{"start":{"line":843,"column":12},"end":{"line":848,"column":13}}],"line":843},"67":{"loc":{"start":{"line":884,"column":11},"end":{"line":884,"column":22}},"type":"binary-expr","locations":[{"start":{"line":884,"column":11},"end":{"line":884,"column":17}},{"start":{"line":884,"column":21},"end":{"line":884,"column":22}}],"line":884},"68":{"loc":{"start":{"line":889,"column":3},"end":{"line":894,"column":4}},"type":"if","locations":[{"start":{"line":889,"column":3},"end":{"line":894,"column":4}},{"start":{"line":889,"column":3},"end":{"line":894,"column":4}}],"line":889},"69":{"loc":{"start":{"line":930,"column":20},"end":{"line":930,"column":40}},"type":"binary-expr","locations":[{"start":{"line":930,"column":20},"end":{"line":930,"column":35}},{"start":{"line":930,"column":39},"end":{"line":930,"column":40}}],"line":930},"70":{"loc":{"start":{"line":931,"column":13},"end":{"line":931,"column":26}},"type":"binary-expr","locations":[{"start":{"line":931,"column":13},"end":{"line":931,"column":21}},{"start":{"line":931,"column":25},"end":{"line":931,"column":26}}],"line":931},"71":{"loc":{"start":{"line":932,"column":9},"end":{"line":932,"column":19}},"type":"binary-expr","locations":[{"start":{"line":932,"column":9},"end":{"line":932,"column":13}},{"start":{"line":932,"column":17},"end":{"line":932,"column":19}}],"line":932},"72":{"loc":{"start":{"line":943,"column":3},"end":{"line":952,"column":4}},"type":"if","locations":[{"start":{"line":943,"column":3},"end":{"line":952,"column":4}},{"start":{"line":943,"column":3},"end":{"line":952,"column":4}}],"line":943},"73":{"loc":{"start":{"line":995,"column":8},"end":{"line":998,"column":9}},"type":"if","locations":[{"start":{"line":995,"column":8},"end":{"line":998,"column":9}},{"start":{"line":995,"column":8},"end":{"line":998,"column":9}}],"line":995},"74":{"loc":{"start":{"line":1033,"column":8},"end":{"line":1036,"column":9}},"type":"if","locations":[{"start":{"line":1033,"column":8},"end":{"line":1036,"column":9}},{"start":{"line":1033,"column":8},"end":{"line":1036,"column":9}}],"line":1033},"75":{"loc":{"start":{"line":1072,"column":8},"end":{"line":1075,"column":9}},"type":"if","locations":[{"start":{"line":1072,"column":8},"end":{"line":1075,"column":9}},{"start":{"line":1072,"column":8},"end":{"line":1075,"column":9}}],"line":1072},"76":{"loc":{"start":{"line":1108,"column":8},"end":{"line":1111,"column":9}},"type":"if","locations":[{"start":{"line":1108,"column":8},"end":{"line":1111,"column":9}},{"start":{"line":1108,"column":8},"end":{"line":1111,"column":9}}],"line":1108},"77":{"loc":{"start":{"line":1159,"column":8},"end":{"line":1162,"column":9}},"type":"if","locations":[{"start":{"line":1159,"column":8},"end":{"line":1162,"column":9}},{"start":{"line":1159,"column":8},"end":{"line":1162,"column":9}}],"line":1159},"78":{"loc":{"start":{"line":1211,"column":8},"end":{"line":1214,"column":9}},"type":"if","locations":[{"start":{"line":1211,"column":8},"end":{"line":1214,"column":9}},{"start":{"line":1211,"column":8},"end":{"line":1214,"column":9}}],"line":1211},"79":{"loc":{"start":{"line":1350,"column":8},"end":{"line":1352,"column":9}},"type":"if","locations":[{"start":{"line":1350,"column":8},"end":{"line":1352,"column":9}},{"start":{"line":1350,"column":8},"end":{"line":1352,"column":9}}],"line":1350},"80":{"loc":{"start":{"line":1382,"column":8},"end":{"line":1384,"column":9}},"type":"if","locations":[{"start":{"line":1382,"column":8},"end":{"line":1384,"column":9}},{"start":{"line":1382,"column":8},"end":{"line":1384,"column":9}}],"line":1382},"81":{"loc":{"start":{"line":1415,"column":8},"end":{"line":1417,"column":9}},"type":"if","locations":[{"start":{"line":1415,"column":8},"end":{"line":1417,"column":9}},{"start":{"line":1415,"column":8},"end":{"line":1417,"column":9}}],"line":1415},"82":{"loc":{"start":{"line":1655,"column":18},"end":{"line":1655,"column":31}},"type":"binary-expr","locations":[{"start":{"line":1655,"column":18},"end":{"line":1655,"column":25}},{"start":{"line":1655,"column":29},"end":{"line":1655,"column":31}}],"line":1655},"83":{"loc":{"start":{"line":1687,"column":8},"end":{"line":1689,"column":9}},"type":"if","locations":[{"start":{"line":1687,"column":8},"end":{"line":1689,"column":9}},{"start":{"line":1687,"column":8},"end":{"line":1689,"column":9}}],"line":1687}},"s":{"0":1,"1":1,"2":1,"3":1,"4":1,"5":1,"6":0,"7":21,"8":21,"9":21,"10":5,"11":21,"12":28,"13":28,"14":22,"15":22,"16":28,"17":5,"18":5,"19":23,"20":22,"21":28,"22":9,"23":28,"24":0,"25":28,"26":3,"27":3,"28":28,"29":2,"30":2,"31":28,"32":2,"33":2,"34":28,"35":2,"36":2,"37":28,"38":0,"39":0,"40":28,"41":0,"42":0,"43":0,"44":0,"45":0,"46":0,"47":0,"48":0,"49":21,"50":21,"51":202,"52":202,"53":202,"54":21,"55":13,"56":13,"57":12,"58":12,"59":13,"60":12,"61":13,"62":21,"63":9,"64":9,"65":9,"66":2,"67":9,"68":1,"69":9,"70":9,"71":21,"72":26,"73":26,"74":22,"75":22,"76":26,"77":23,"78":26,"79":20,"80":26,"81":26,"82":2,"83":1,"84":1,"85":26,"86":26,"87":21,"88":8,"89":8,"90":8,"91":8,"92":8,"93":4,"94":4,"95":8,"96":3,"97":8,"98":2,"99":8,"100":8,"101":21,"102":3,"103":3,"104":3,"105":3,"106":3,"107":3,"108":3,"109":3,"110":2,"111":3,"112":1,"113":3,"114":3,"115":3,"116":3,"117":3,"118":3,"119":21,"120":6,"121":6,"122":6,"123":6,"124":6,"125":4,"126":6,"127":6,"128":2,"129":1,"130":1,"131":6,"132":21,"133":6,"134":6,"135":6,"136":6,"137":2,"138":2,"139":6,"140":4,"141":6,"142":2,"143":6,"144":6,"145":21,"146":36,"147":36,"148":36,"149":36,"150":36,"151":36,"152":36,"153":36,"154":21,"155":15,"156":15,"157":15,"158":15,"159":15,"160":15,"161":15,"162":11,"163":15,"164":6,"165":15,"166":15,"167":21,"168":18,"169":18,"170":18,"171":18,"172":18,"173":18,"174":18,"175":18,"176":14,"177":18,"178":4,"179":1,"180":3,"181":1,"182":2,"183":18,"184":21,"185":8,"186":8,"187":8,"188":8,"189":8,"190":8,"191":8,"192":8,"193":6,"194":8,"195":4,"196":8,"197":8,"198":21,"199":4,"200":4,"201":2,"202":2,"203":4,"204":4,"205":2,"206":2,"207":2,"208":4,"209":2,"210":4,"211":21,"212":2,"213":1,"214":1,"215":21,"216":20,"217":21,"218":3,"219":2,"220":21,"221":50,"222":37,"223":37,"224":50,"225":5,"226":5,"227":50,"228":37,"229":50,"230":21,"231":21,"232":8,"233":8,"234":8,"235":8,"236":8,"237":3,"238":5,"239":5,"240":1,"241":1,"242":5,"243":8,"244":21,"245":4,"246":3,"247":21,"248":6,"249":6,"250":6,"251":6,"252":6,"253":6,"254":6,"255":6,"256":6,"257":3,"258":3,"259":6,"260":6,"261":6,"262":6,"263":6,"264":21,"265":21,"266":21,"267":2,"268":2,"269":2,"270":2,"271":1,"272":1,"273":2,"274":21,"275":2,"276":1,"277":21,"278":21,"279":21,"280":2,"281":2,"282":2,"283":2,"284":2,"285":1,"286":1,"287":2,"288":21,"289":1,"290":1,"291":1,"292":1,"293":1,"294":1,"295":1,"296":1,"297":1,"298":1,"299":1,"300":1,"301":1,"302":1,"303":1,"304":21,"305":2,"306":2,"307":2,"308":2,"309":2,"310":2,"311":2,"312":2,"313":2,"314":2,"315":1,"316":1,"317":2,"318":21,"319":1,"320":1,"321":1,"322":1,"323":1,"324":1,"325":21,"326":2,"327":2,"328":2,"329":2,"330":2,"331":2,"332":2,"333":2,"334":2,"335":2,"336":2,"337":2,"338":21,"339":2,"340":2,"341":2,"342":2,"343":2,"344":2,"345":2,"346":2,"347":2,"348":2,"349":2,"350":21,"351":2,"352":2,"353":2,"354":2,"355":2,"356":2,"357":2,"358":2,"359":2,"360":2,"361":2,"362":2,"363":21,"364":2,"365":2,"366":2,"367":2,"368":2,"369":2,"370":2,"371":2,"372":2,"373":2,"374":21,"375":4,"376":21,"377":4,"378":21,"379":8,"380":8,"381":8,"382":8,"383":8,"384":8,"385":8,"386":8,"387":21,"388":2,"389":21,"390":2,"391":21,"392":4,"393":4,"394":4,"395":4,"396":4,"397":4,"398":4,"399":4,"400":21,"401":1,"402":1,"403":1,"404":21,"405":2,"406":2,"407":2,"408":2,"409":21,"410":4,"411":4,"412":4,"413":21,"414":1,"415":1,"416":21,"417":1,"418":1,"419":1,"420":1,"421":21,"422":4,"423":4,"424":4,"425":4,"426":2,"427":4,"428":4,"429":21,"430":2,"431":2,"432":1,"433":2,"434":2,"435":21,"436":3,"437":3,"438":3,"439":1,"440":3,"441":3,"442":21,"443":1,"444":1,"445":1,"446":21,"447":3,"448":3,"449":3,"450":3,"451":21,"452":1,"453":1,"454":1,"455":21,"456":3,"457":3,"458":21,"459":5,"460":5,"461":5,"462":21,"463":1,"464":1,"465":1,"466":21,"467":2,"468":2,"469":2,"470":2,"471":21,"472":1,"473":1,"474":1,"475":21,"476":3,"477":3,"478":3,"479":21,"480":3,"481":3,"482":21,"483":13,"484":13,"485":21,"486":9,"487":9,"488":9,"489":9,"490":9,"491":9,"492":9,"493":8,"494":8,"495":9,"496":1,"497":1,"498":9,"499":9,"500":21,"501":2,"502":1,"503":2,"504":1,"505":1},"f":{"0":21,"1":28,"2":202,"3":13,"4"
[...]
ine":124,"column":3},"end":{"line":124,"column":18}},"57":{"start":{"line":127,"column":2},"end":{"line":129,"column":20}},"58":{"start":{"line":132,"column":2},"end":{"line":133,"column":31}},"59":{"start":{"line":133,"column":3},"end":{"line":133,"column":31}},"60":{"start":{"line":137,"column":0},"end":{"line":137,"column":28}}},"fnMap":{"0":{"name":"(anonymous_0)","decl":{"start":{"line":17,"column":13},"end":{"line":17,"column":14}},"loc":{"start":{"line":17,"column":32},"end":{"line":134,"column":2}},"line":17},"1":{"name":"(anonymous_1)","decl":{"start":{"line":37,"column":31},"end":{"line":37,"column":32}},"loc":{"start":{"line":37,"column":43},"end":{"line":97,"column":3}},"line":37},"2":{"name":"(anonymous_2)","decl":{"start":{"line":103,"column":20},"end":{"line":103,"column":21}},"loc":{"start":{"line":103,"column":32},"end":{"line":113,"column":3}},"line":103},"3":{"name":"(anonymous_3)","decl":{"start":{"line":115,"column":22},"end":{"line":115,"column":23}},"loc":{"start":{"line":115,"column":34},"end":{"line":125,"column":3}},"line":115}},"branchMap":{"0":{"loc":{"start":{"line":5,"column":0},"end":{"line":7,"column":1}},"type":"if","locations":[{"start":{"line":5,"column":0},"end":{"line":7,"column":1}},{"start":{"line":5,"column":0},"end":{"line":7,"column":1}}],"line":5},"1":{"loc":{"start":{"line":38,"column":3},"end":{"line":96,"column":4}},"type":"if","locations":[{"start":{"line":38,"column":3},"end":{"line":96,"column":4}},{"start":{"line":38,"column":3},"end":{"line":96,"column":4}}],"line":38},"2":{"loc":{"start":{"line":39,"column":4},"end":{"line":95,"column":5}},"type":"switch","locations":[{"start":{"line":40,"column":5},"end":{"line":40,"column":14}},{"start":{"line":41,"column":5},"end":{"line":41,"column":14}},{"start":{"line":42,"column":5},"end":{"line":42,"column":14}},{"start":{"line":43,"column":5},"end":{"line":43,"column":14}},{"start":{"line":44,"column":5},"end":{"line":60,"column":6}},{"start":{"line":61,"column":5},"end":{"line":94,"column":12}}],"line":39},"3":{"loc":{"start":{"line":67,"column":7},"end":{"line":71,"column":8}},"type":"if","locations":[{"start":{"line":67,"column":7},"end":{"line":71,"column":8}},{"start":{"line":67,"column":7},"end":{"line":71,"column":8}}],"line":67},"4":{"loc":{"start":{"line":75,"column":7},"end":{"line":80,"column":8}},"type":"if","locations":[{"start":{"line":75,"column":7},"end":{"line":80,"column":8}},{"start":{"line":75,"column":7},"end":{"line":80,"column":8}}],"line":75},"5":{"loc":{"start":{"line":99,"column":2},"end":{"line":101,"column":3}},"type":"if","locations":[{"start":{"line":99,"column":2},"end":{"line":101,"column":3}},{"start":{"line":99,"column":2},"end":{"line":101,"column":3}}],"line":99},"6":{"loc":{"start":{"line":108,"column":13},"end":{"line":108,"column":52}},"type":"binary-expr","locations":[{"start":{"line":108,"column":13},"end":{"line":108,"column":33}},{"start":{"line":108,"column":37},"end":{"line":108,"column":52}}],"line":108},"7":{"loc":{"start":{"line":120,"column":13},"end":{"line":120,"column":56}},"type":"binary-expr","locations":[{"start":{"line":120,"column":13},"end":{"line":120,"column":33}},{"start":{"line":120,"column":37},"end":{"line":120,"column":56}}],"line":120},"8":{"loc":{"start":{"line":127,"column":2},"end":{"line":129,"column":19}},"type":"cond-expr","locations":[{"start":{"line":128,"column":5},"end":{"line":128,"column":23}},{"start":{"line":129,"column":5},"end":{"line":129,"column":19}}],"line":127},"9":{"loc":{"start":{"line":132,"column":2},"end":{"line":133,"column":31}},"type":"if","locations":[{"start":{"line":132,"column":2},"end":{"line":133,"column":31}},{"start":{"line":132,"column":2},"end":{"line":133,"column":31}}],"line":132}},"s":{"0":1,"1":1,"2":1,"3":1,"4":0,"5":1,"6":25,"7":25,"8":25,"9":25,"10":25,"11":25,"12":25,"13":25,"14":25,"15":25,"16":25,"17":25,"18":112,"19":25,"20":282,"21":23,"22":17,"23":17,"24":17,"25":17,"26":17,"27":17,"28":17,"29":6,"30":6,"31":6,"32":5,"33":1,"34":1,"35":1,"36":4,"37":2,"38":1,"39":1,"40":5,"41":5,"42":5,"43":5,"44":5,"45":25,"46":1,"47":25,"48":1,"49":1,"50":1,"51":1,"52":25,"53":1,"54":1,"55":1,"56":1,"57":25,"58":25,"59":5,"60":1},"f":{"0":25,"1":282,"2":1,"3":1},"b":{"0":[0,1],"1":[23,259],"2":[10,11,13,17,17,6],"3":[1,4],"4":[1,1],"5":[1,24],"6":[1,1],"7":[1,1],"8":[13,12],"9":[5,20]},"_coverageSchema":"1a1c01bbd47fc00a2c39e90264f33305004495a9","hash":"83a7fb77490274a065fc5cc1819b33111f10f14b","contentHash":"6794107857001a5334597a7de6f8a36899d70fcbee423beb0760aa2abd2b54a8"},"C:\\GitHub\\DynamicsWebApi\\lib\\requests\\helpers\\parseResponseHeaders.js":{"path":"C:\\GitHub\\DynamicsWebApi\\lib\\requests\\helpers\\parseResponseHeaders.js","statementMap":{"0":{"start":{"line":1,"column":0},"end":{"line":15,"column":2}},"1":{"start":{"line":2,"column":18},"end":{"line":2,"column":20}},"2":{"start":{"line":3,"column":4},"end":{"line":5,"column":5}},"3":{"start":{"line":4,"column":8},"end":{"line":4,"column":23}},"4":{"start":{"line":6,"column":22},"end":{"line":6,"column":53}},"5":{"start":{"line":7,"column":4},"end":{"line":13,"column":5}},"6":{"start":{"line":7,"column":17},"end":{"line":7,"column":18}},"7":{"start":{"line":7,"column":27},"end":{"line":7,"column":45}},"8":{"start":{"line":8,"column":25},"end":{"line":8,"column":39}},"9":{"start":{"line":9,"column":20},"end":{"line":9,"column":54}},"10":{"start":{"line":10,"column":8},"end":{"line":12,"column":9}},"11":{"start":{"line":11,"column":12},"end":{"line":11,"column":86}},"12":{"start":{"line":14,"column":4},"end":{"line":14,"column":19}}},"fnMap":{"0":{"name":"parseResponseHeaders","decl":{"start":{"line":1,"column":26},"end":{"line":1,"column":46}},"loc":{"start":{"line":1,"column":58},"end":{"line":15,"column":1}},"line":1}},"branchMap":{"0":{"loc":{"start":{"line":3,"column":4},"end":{"line":5,"column":5}},"type":"if","locations":[{"start":{"line":3,"column":4},"end":{"line":5,"column":5}},{"start":{"line":3,"column":4},"end":{"line":5,"column":5}}],"line":3},"1":{"loc":{"start":{"line":10,"column":8},"end":{"line":12,"column":9}},"type":"if","locations":[{"start":{"line":10,"column":8},"end":{"line":12,"column":9}},{"start":{"line":10,"column":8},"end":{"line":12,"column":9}}],"line":10}},"s":{"0":1,"1":25,"2":25,"3":17,"4":8,"5":8,"6":8,"7":8,"8":22,"9":22,"10":22,"11":14,"12":8},"f":{"0":25},"b":{"0":[17,8],"1":[14,8]},"_coverageSchema":"1a1c01bbd47fc00a2c39e90264f33305004495a9","hash":"124e179769dde281cd0c7c7bb69420cd77fd8262","contentHash":"c187655bb0cb7a5ae4209f9a8dc091618ed0d066c47c4f7c831f10fa389b3c49"},"C:\\GitHub\\DynamicsWebApi\\lib\\requests\\http.js":{"path":"C:\\GitHub\\DynamicsWebApi\\lib\\requests\\http.js","statementMap":{"0":{"start":{"line":1,"column":11},"end":{"line":1,"column":26}},"1":{"start":{"line":2,"column":12},"end":{"line":2,"column":28}},"2":{"start":{"line":3,"column":10},"end":{"line":3,"column":24}},"3":{"start":{"line":4,"column":21},"end":{"line":4,"column":48}},"4":{"start":{"line":5,"column":22},"end":{"line":5,"column":50}},"5":{"start":{"line":6,"column":20},"end":{"line":6,"column":54}},"6":{"start":{"line":7,"column":18},"end":{"line":7,"column":51}},"7":{"start":{"line":9,"column":13},"end":{"line":9,"column":15}},"8":{"start":{"line":12,"column":14},"end":{"line":12,"column":33}},"9":{"start":{"line":14,"column":13},"end":{"line":14,"column":26}},"10":{"start":{"line":15,"column":17},"end":{"line":15,"column":45}},"11":{"start":{"line":17,"column":1},"end":{"line":43,"column":2}},"12":{"start":{"line":18,"column":2},"end":{"line":42,"column":3}},"13":{"start":{"line":19,"column":24},"end":{"line":19,"column":44}},"14":{"start":{"line":20,"column":20},"end":{"line":20,"column":61}},"15":{"start":{"line":22,"column":22},"end":{"line":26,"column":4}},"16":{"start":{"line":28,"column":3},"end":{"line":31,"column":44}},"17":{"start":{"line":29,"column":4},"end":{"line":29,"column":72}},"18":{"start":{"line":30,"column":8},"end":{"line":31,"column":44}},"19":{"start":{"line":31,"column":4},"end":{"line":31,"column":44}},"20":{"start":{"line":33,"column":3},"end":{"line":33,"column":52}},"21":{"start":{"line":36,"column":27},"end":{"line":36,"column":48}},"22":{"start":{"line":38,"column":3},"end":{"line":41,"column":6}},"23":{"start":{"line":45,"column":1},"end":{"line":45,"column":26}},"24":{"start":{"line":52,"column":18},"end":{"line":181,"column":1}},"25":{"start":{"line":53,"column":14},"end":{"line":53,"column":28}},"26":{"start":{"line":54,"column":11},"end":{"line":54,"column":22}},"27":{"start":{"line":55,"column":12},"end":{"line":55,"column":24}},"28":{"start":{"line":56,"column":25},"end":{"line":56,"column":50}},"29":{"start":{"line":57,"column":22},"end":{"line":57,"column":44}},"30":{"start":{"line":58,"column":23},"end":{"line":58,"column":46}},"31":{"start":{"line":59,"column":21},"end":{"line":59,"column":42}},"32":{"start":{"line":60,"column":15},"end":{"line":60,"column":30}},"33":{"start":{"line":61,"column":17},"end":{"line":61,"column":34}},"34":{"start":{"line":62,"column":13},"end":{"line":62,"column":26}},"35":{"start":{"line":64,"column":15},"end":{"line":64,"column":17}},"36":{"start":{"line":66,"column":1},"end":{"line":71,"column":2}},"37":{"start":{"line":67,"column":2},"end":{"line":67,"column":62}},"38":{"start":{"line":68,"column":2},"end":{"line":68,"column":42}},"39":{"start":{"line":70,"column":2},"end":{"line":70,"column":43}},"40":{"start":{"line":74,"column":1},"end":{"line":76,"column":2}},"41":{"start":{"line":75,"column":2},"end":{"line":75,"column":40}},"42":{"start":{"line":78,"column":17},"end":{"line":78,"column":31}},"43":{"start":{"line":79,"column":16},"end":{"line":79,"column":47}},"44":{"start":{"line":80,"column":25},"end":{"line":80,"column":59}},"45":{"start":{"line":82,"column":23},"end":{"line":89,"column":2}},"46":{"start":{"line":92,"column":1},"end":{"line":96,"column":2}},"47":{"start":{"line":93,"column":2},"end":{"line":95,"column":3}},"48":{"start":{"line":98,"column":1},"end":{"line":98,"column":53}},"49":{"start":{"line":100,"column":1},"end":{"line":102,"column":2}},"50":{"start":{"line":101,"column":2},"end":{"line":101,"column":43}},"51":{"start":{"line":104,"column":15},"end":{"line":163,"column":3}},"52":{"start":{"line":105,"column":16},"end":{"line":105,"column":18}},"53":{"start":{"line":106,"column":2},"end":{"line":106,"column":26}},"54":{"start":{"line":107,"column":2},"end":{"line":109,"column":5}},"55":{"start":{"line":108,"column":3},"end":{"line":108,"column":20}},"56":{"start":{"line":110,"column":2},"end":{"line":162,"column":5}},"57":{"start":{"line":111,"column":3},"end":{"line":161,"column":4}},"58":{"start":{"line":117,"column":24},"end":{"line":117,"column":86}},"59":{"start":{"line":119,"column":20},"end":{"line":123,"column":6}},"60":{"start":{"line":125,"column":5},"end":{"line":125,"column":38}},"61":{"start":{"line":127,"column":5},"end":{"line":127,"column":31}},"62":{"start":{"line":128,"column":5},"end":{"line":128,"column":11}},"63":{"start":{"line":132,"column":5},"end":{"line":152,"column":6}},"64":{"start":{"line":133,"column":24},"end":{"line":133,"column":86}},"65":{"start":{"line":135,"column":6},"end":{"line":139,"column":7}},"66":{"start":{"line":136,"column":7},"end":{"line":136,"column":40}},"67":{"start":{"line":137,"column":7},"end":{"line":137,"column":34}},"68":{"start":{"line":138,"column":7},"end":{"line":138,"column":13}},"69":{"start":{"line":141,"column":6},"end":{"line":143,"column":42}},"70":{"start":{"line":146,"column":6},"end":{"line":151,"column":7}},"71":{"start":{"line":147,"column":7},"end":{"line":147,"column":39}},"72":{"start":{"line":150,"column":7},"end":{"line":150,"column":50}},"73":{"start":{"line":154,"column":5},"end":{"line":154,"column":38}},"74":{"start":{"line":156,"column":5},"end":{"line":158,"column":9}},"75":{"start":{"line":160,"column":5},"end":{"line":160,"column":11}},"76":{"start":{"line":165,"column":1},"end":{"line":169,"column":2}},"77":{"start":{"line":166,"column":2},"end":{"line":168,"column":5}},"78":{"start":{"line":167,"column":3},"end":{"line":167,"column":19}},"79":{"start":{"line":171,"column":1},"end":{"line":174,"column":4}},"80":{"start":{"line":172,"column":2},"end":{"line":172,"column":35}},"81":{"start":{"line":173,"column":2},"end":{"line":173,"column":23}},"82":{"start":{"line":176,"column":1},"end":{"line":178,"column":2}},"83":{"start":{"line":177,"column":2},"end":{"line":177,"column":22}},"84":{"start":{"line":180,"column":1},"end":{"line":180,"column":15}},"85":{"start":{"line":183,"column":0},"end":{"line":183,"column":29}}},"fnMap":{"0":{"name":"getAgent","decl":{"start":{"line":11,"column":9},"end":{"line":11,"column":17}},"loc":{"start":{"line":11,"column":37},"end":{"line":46,"column":1}},"line":11},"1":{"name":"(anonymous_1)","decl":{"start":{"line":52,"column":18},"end":{"line":52,"column":19}},"loc":{"start":{"line":52,"column":37},"end":{"line":181,"column":1}},"line":52},"2":{"name":"(anonymous_2)","decl":{"start":{"line":104,"column":58},"end":{"line":104,"column":59}},"loc":{"start":{"line":104,"column":73},"end":{"line":163,"column":2}},"line":104},"3":{"name":"(anonymous_3)","decl":{"start":{"line":107,"column":17},"end":{"line":107,"column":18}},"loc":{"start":{"line":107,"column":34},"end":{"line":109,"column":3}},"line":107},"4":{"name":"(anonymous_4)","decl":{"start":{"line":110,"column":16},"end":{"line":110,"column":17}},"loc":{"start":{"line":110,"column":28},"end":{"line":162,"column":3}},"line":110},"5":{"name":"(anonymous_5)","decl":{"start":{"line":166,"column":46},"end":{"line":166,"column":47}},"loc":{"start":{"line":166,"column":58},"end":{"line":168,"column":3}},"line":166},"6":{"name":"(anonymous_6)","decl":{"start":{"line":171,"column":21},"end":{"line":171,"column":22}},"loc":{"start":{"line":171,"column":38},"end":{"line":174,"column":2}},"line":171}},"branchMap":{"0":{"loc":{"start":{"line":15,"column":17},"end":{"line":15,"column":45}},"type":"cond-expr","locations":[{"start":{"line":15,"column":25},"end":{"line":15,"column":34}},{"start":{"line":15,"column":37},"end":{"line":15,"column":45}}],"line":15},"1":{"loc":{"start":{"line":17,"column":1},"end":{"line":43,"column":2}},"type":"if","locations":[{"start":{"line":17,"column":1},"end":{"line":43,"column":2}},{"start":{"line":17,"column":1},"end":{"line":43,"column":2}}],"line":17},"2":{"loc":{"start":{"line":18,"column":2},"end":{"line":42,"column":3}},"type":"if","locations":[{"start":{"line":18,"column":2},"end":{"line":42,"column":3}},{"start":{"line":18,"column":2},"end":{"line":42,"column":3}}],"line":18},"3":{"loc":{"start":{"line":20,"column":20},"end":{"line":20,"column":61}},"type":"cond-expr","locations":[{"start":{"line":20,"column":29},"end":{"line":20,"column":43}},{"start":{"line":20,"column":46},"end":{"line":20,"column":61}}],"line":20},"4":{"loc":{"start":{"line":28,"column":3},"end":{"line":31,"column":44}},"type":"if","locations":[{"start":{"line":28,"column":3},"end":{"line":31,"column":44}},{"start":{"line":28,"column":3},"end":{"line":31,"column":44}}],"line":28},"5":{"loc":{"start":{"line":30,"column":8},"end":{"line":31,"column":44}},"type":"if","locations":[{"start":{"line":30,"column":8},"end":{"line":31,"column":44}},{"start":{"line":30,"column":8},"end":{"line":31,"column":44}}],"line":30},"6":{"loc":{"start":{"line":36,"column":27},"end":{"line":36,"column":48}},"type":"cond-expr","locations":[{"start":{"line":36,"column":36},"end":{"line":36,"column":40}},{"start":{"line":36,"column":43},"end":{"line":36,"column":48}}],"line":36},"7":{"loc":{"start":{"line":66,"column":1},"end":{"line":71,"column":2}},"type":"if","locations":[{"start":{"line":66,"column":1},"end":{"line":71,"column":2}},{"start":{"line":66,"column":1},"end":{"line":71,"column":2}}],"line":66},"8":{"loc":{"start":{"line":80,"column":25},"end":{"line":80,"column":59}},"type":"cond-expr","locations":[{"start":{"line":80,"column":47},"end":{"line":80,"column":51}},{"start":{"line":80,"column":54},"end":{"line":80,"column":59}}],"line":80},"9":{"loc":{"start":{"line":92,"column":1},"end":{"line":96,"column":2}},"type":"if","locations":[{"start":{"line":92,"column":1},"end":{"line":96,"column":2}},{"start":{"line":92,"column":1},"end":{"line":96,"column":2}}],"line":92},"10":{"loc":{"start":{"line":92,"column":5},"end":{"line":92,"column":47}},"type":"binary-expr","locations":[{"start":{"line":92,"column":5},"end":{"line":92,"column":11}},{"start":{"line":92,"column":15},"end":{"line":92,"column":47}}],"line":92},"11":{"loc":{"start":{"line":100,"column":1},"end":{"line":102,"column":2}},"type":"if","locations":[{"start":{"line":100,"column":1},"end":{"line":102,"column":2}},{"start":{"line":100,"column":1},"end":{"line":102,"column":2}}],"line":100},"12":{"loc":{"start":{"line":111,"column":3},"end":{"line":161,"column":4}},"type":"switch","locations":[{"start":{"line":112,"column":4},"end":{"line":112,"column":13}},{"start":{"line":113,"column":4},"end":{"line":113,"column":13}},{"start":{"line":114,"column":4},"end":{"line":114,"column":13}},{"start":{"line":115,"column":4},"end":{"line":115,"column":13}},{"start":{"line":116,"column":4},"end":{"line":129,"column":5}},{"start":{"line":130,"column":4},"end":{"line":160,"column":11}}],"line":111},"13":{"loc":{"start":{"line":135,"column":6},"end":{"line":139,"column":7}},"type":"if","locations":[{"start":{"line":135,"column":6},"end":{"line":139,"column":7}},{"start":{"line":135,"column":6},"end":{"line":139,"column":7}}],"line":135},"14":{"loc":{"start":{"line":141,"column":17},"end":{"line":143,"column":41}},"type":"cond-expr","locations":[{"start":{"line":142,"column":9},"end":{"line":142,"column":26}},{"start":{"line":143,"column":9},"end":{"line":143,"column":41}}],"line":141},"15":{"loc":{"start":{"line":141,"column":17},"end":{"line":141,"column":73}},"type":"binary-expr","locations":[{"start":{"line":141,"column":17},"end":{"line":141,"column":52}},{"start":{"line":141,"column":56},"end":{"line":141,"column":73}}],"line":141},"16":{"loc":{"start":{"line":146,"column":6},"end":{"line":151,"column":7}},"type":"if","locations":[{"start":{"line":146,"column":6},"end":{"line":151,"column":7}},{"start":{"line":146,"column":6},"end":{"line":151,"column":7}}],"line":146},"17":{"loc":{"start":{"line":165,"column":1},"end":{"line":169,"column":2}},"type":"if","locations":[{"start":{"line":165,"column":1},"end":{"line":169,"column":2}},{"start":{"line":165,"column":1},"end":{"line":169,"column":2}}],"line":165},"18":{"loc":{"start":{"line":176,"column":1},"end":{"line":178,"column":2}},"type":"if","locations":[{"start":{"line":176,"column":1},"end":{"line":178,"column":2}},{"start":{"line":176,"column":1},"end":{"line":178,"column":2}}],"line":176}},"s":{"0":1,"1":1,"2":1,"3":1,"4":1,"5":1,"6":1,"7":1,"8":397,"9":397,"10":397,"11":397,"12":4,"13":3,"14":3,"15":3,"16":3,"17":1,"18":2,"19":1,"20":3,"21":1,"22":1,"23":397,"24":1,"25":397,"26":397,"27":397,"28":397,"29":397,"30":397,"31":397,"32":397,"33":397,"34":397,"35":397,"36":397,"37":166,"38":166,"39":166,"40":397,"41":1657,"42":397,"43":397,"44":397,"45":397,"46":397,"47":0,"48":397,"49":397,"50":3,"51":397,"52":390,"53":390,"54":390,"55":285,"56":390,"57":390,"58":372,"59":372,"60":372,"61":372,"62":372,"63":18,"64":18,"65":18,"66":2,"67":2,"68":2,"69":16,"70":0,"71":0,"72":0,"73":16,"74":16,"75":16,"76":397,"77":6,"78":6,"79":397,"80":7,"81":7,"82":397,"83":166,"84":397,"85":1},"f":{"0":397,"1":397,"2":390,"3":285,"4":390,"5":6,"6":7},"b":{"0":[3,394],"1":[4,393],"2":[3,1],"3":[3,0],"4":[1,2],"5":[1,1],"6":[1,0],"7":[166,231],"8":[397,0],"9":[0,397],"10":[397,394],"11":[3,394],"12":[249,265,364,372,372,18],"13":[2,16],"14":[16,0],"15":[16,16],"16":[0,0],"17":[6,391],"18":[166,231]},"_coverageSchema":"1a1c01bbd47fc00a2c39e90264f33305004495a9","hash":"52e2782f85932a9dcb5aaf2b734ad25962ed03bf","contentHash":"3def1684cae45ce59cb2fa0b085946963c80ec3ce837267f480026d96dac8eb1"}}